#
# A fatal error has been detected by the Java Runtime Environment:
#
#  SIGBUS (0x7) at pc=0x00007eff051d1920, pid=8083, tid=0x00007efedbfff700
#
# JRE version: Java(TM) SE Runtime Environment (8.0_201-b09) (build 1.8.0_201-b09)
# Java VM: Java HotSpot(TM) 64-Bit Server VM (25.201-b09 mixed mode linux-amd64 compressed oops)
# Problematic frame:
# V  [libjvm.so+0xa83920]  TraceTime::TraceTime(char const*, bool)+0x0
#
# Failed to write core dump. Core dumps have been disabled. To enable core dumping, try "ulimit -c unlimited" before starting Java again
#
# If you would like to submit a bug report, please visit:
#   http://bugreport.java.com/bugreport/crash.jsp
#

---------------  T H R E A D  ---------------

Current thread (0x00007eff00078800):  VMThread [stack: 0x00007efedbeff000,0x00007efedc000000] [id=8094]

siginfo: si_signo: 7 (SIGBUS), si_code: 2 (BUS_ADRERR), si_addr: 0x00007eff051d1920

Registers:
RAX=0x00007eff0570b391, RBX=0x00007efedbffec50, RCX=0x0000000000000018, RDX=0x0000000000000000
RSP=0x00007efedbffec48, RBP=0x00007efedbffec90, RSI=0x00007eff052b8dc2, RDI=0x00007efedbffec50
R8 =0x00000000000007d0, R9 =0x0000000000000000, R10=0x00007efedbffec20, R11=0x0000000000000001
R12=0x00007eff0570b131, R13=0x00007eff0570b3ac, R14=0x0000000000000000, R15=0x0000000000000000
RIP=0x00007eff051d1920, EFLAGS=0x0000000000010206, CSGSFS=0x002b000000000033, ERR=0x0000000000000014
  TRAPNO=0x000000000000000e

Top of Stack: (sp=0x00007efedbffec48)
0x00007efedbffec48:   00007eff0510776a 00007efedbffec70
0x00007efedbffec58:   00007eff051d1911 00007eff0570b132
0x00007efedbffec68:   00007eff00015180 00007efedbffec90
0x00007efedbffec78:   00007eff05107223 431bde82d7b634db
0x00007efedbffec88:   00007eff0570b132 00007efedbffed00
0x00007efedbffec98:   00007eff05107ee1 00007efedbffed00
0x00007efedbffeca8:   00007eff00006c00 0000000000000000
0x00007efedbffecb8:   0000000400000008 00000000000007d0
0x00007efedbffecc8:   00007eff056cf9f1 00007efedbffed60
0x00007efedbffecd8:   0000000000000000 00007eff0630f810
0x00007efedbffece8:   00007eff05715868 0000000000000000
0x00007efedbffecf8:   00007efedbffed60 00007efedbffeea0
0x00007efedbffed08:   00007eff05226ba7 0000000000000000
0x00007efedbffed18:   00007efedbffed20 00007eff00078800
0x00007efedbffed28:   00007eff00078cb0 00007eff00078cf0
0x00007efedbffed38:   00007eff00078d00 00007eff00078dd8
0x00007efedbffed48:   00000000000000d8 00007eff00078f10
0x00007efedbffed58:   0000000000000000 00007efedbffed68
0x00007efedbffed68:   6e69747563657845 65706f204d562067
0x00007efedbffed78:   203a6e6f69746172 6c656c6c61726150
0x00007efedbffed88:   64656c6961464347 697461636f6c6c41
0x00007efedbffed98:   00656e6f64006e6f 00007eff06333040
0x00007efedbffeda8:   00007eff057b1f64 00007eff05efd1d1
0x00007efedbffedb8:   0000000000000138 00007efedbffee00
0x00007efedbffedc8:   00007eff050534b5 0000000000000000
0x00007efedbffedd8:   0000000000000138 0000000000000138
0x00007efedbffede8:   00007eff00078800 0000000000000000
0x00007efedbffedf8:   00007eff06333040 00007efedbffee30
0x00007efedbffee08:   00007eff04a14f49 00007efedbffee30
0x00007efedbffee18:   00007eff050679ad 00007efedbeff000
0x00007efedbffee28:   00007efedbffee40 00007efedbffee80
0x00007efedbffee38:   00007eff04a14fe4 0000000000000000 

Instructions: (pc=0x00007eff051d1920)
0x00007eff051d1900:   55 48 89 e5 53 48 89 fb 48 83 ec 08 e8 4f a9 e8
0x00007eff051d1910:   ff 48 2b 03 48 83 c4 08 5b 5d c3 90 0f 1f 40 00
0x00007eff051d1920:   84 d2 c6 47 18 00 48 c7 47 08 00 00 00 00 88 17
0x00007eff051d1930:   c6 47 01 01 75 0a f3 c3 0f 1f 84 00 00 00 00 00 

Register to memory mapping:

RAX=0x00007eff0570b391: <offset 0xfbd391> in /home/nkeng/jdk8/jre/lib/amd64/server/libjvm.so at 0x00007eff0474e000
RBX=0x00007efedbffec50 is an unknown value
RCX=0x0000000000000018 is an unknown value
RDX=0x0000000000000000 is an unknown value
RSP=0x00007efedbffec48 is an unknown value
RBP=0x00007efedbffec90 is an unknown value
RSI=0x00007eff052b8dc2: <offset 0xb6adc2> in /home/nkeng/jdk8/jre/lib/amd64/server/libjvm.so at 0x00007eff0474e000
RDI=0x00007efedbffec50 is an unknown value
R8 =0x00000000000007d0 is an unknown value
R9 =0x0000000000000000 is an unknown value
R10=0x00007efedbffec20 is an unknown value
R11=0x0000000000000001 is an unknown value
R12=0x00007eff0570b131: <offset 0xfbd131> in /home/nkeng/jdk8/jre/lib/amd64/server/libjvm.so at 0x00007eff0474e000
R13=0x00007eff0570b3ac: <offset 0xfbd3ac> in /home/nkeng/jdk8/jre/lib/amd64/server/libjvm.so at 0x00007eff0474e000
R14=0x0000000000000000 is an unknown value
R15=0x0000000000000000 is an unknown value


Stack: [0x00007efedbeff000,0x00007efedc000000],  sp=0x00007efedbffec48,  free space=1023k
Native frames: (J=compiled Java code, j=interpreted, Vv=VM code, C=native code)
V  [libjvm.so+0xa83920]  TraceTime::TraceTime(char const*, bool)+0x0
V  [libjvm.so+0x9b9ee1]  SafepointSynchronize::begin()+0x471
V  [libjvm.so+0xad8ba7]  VMThread::loop()+0x397
V  [libjvm.so+0xad8f88]  VMThread::run()+0x78
V  [libjvm.so+0x90d922]  java_start(Thread*)+0x102

VM_Operation (0x00007eff0630f810): ParallelGCFailedAllocation, mode: safepoint, requested by thread 0x00007eff0000a800


---------------  P R O C E S S  ---------------

Java Threads: ( => current thread )
  0x00007eff000c9000 JavaThread "Service Thread" daemon [_thread_blocked, id=8101, stack(0x00007efedb65d000,0x00007efedb75e000)]
  0x00007eff000bd800 JavaThread "C1 CompilerThread2" daemon [_thread_blocked, id=8100, stack(0x00007efedb75e000,0x00007efedb85f000)]
  0x00007eff000bc000 JavaThread "C2 CompilerThread1" daemon [_thread_blocked, id=8099, stack(0x00007efedb85f000,0x00007efedb960000)]
  0x00007eff000b9000 JavaThread "C2 CompilerThread0" daemon [_thread_blocked, id=8098, stack(0x00007efedb960000,0x00007efedba61000)]
  0x00007eff000b7800 JavaThread "Signal Dispatcher" daemon [_thread_blocked, id=8097, stack(0x00007efedba61000,0x00007efedbb62000)]
  0x00007eff00084800 JavaThread "Finalizer" daemon [_thread_blocked, id=8096, stack(0x00007efedbcfd000,0x00007efedbdfe000)]
  0x00007eff00082000 JavaThread "Reference Handler" daemon [_thread_blocked, id=8095, stack(0x00007efedbdfe000,0x00007efedbeff000)]
  0x00007eff0000a800 JavaThread "main" [_thread_blocked, id=8085, stack(0x00007eff06210000,0x00007eff06311000)]

Other Threads:
=>0x00007eff00078800 VMThread [stack: 0x00007efedbeff000,0x00007efedc000000] [id=8094]
  0x00007eff000cb800 WatcherThread [stack: 0x00007efedb55c000,0x00007efedb65d000] [id=8102]

VM state:at safepoint (normal execution)

VM Mutex/Monitor currently owned by a thread:  ([mutex/lock_event])
[0x00007eff00006c00] Safepoint_lock - owner thread: 0x00007eff00078800
[0x00007eff00006c80] Threads_lock - owner thread: 0x00007eff00078800
[0x00007eff00007180] Heap_lock - owner thread: 0x00007eff0000a800
[0x00007eff00007a00] PeriodicTask_lock - owner thread: 0x00007eff000cb800

heap address: 0x00000000c6a00000, size: 918 MB, Compressed Oops mode: 32-bit
Narrow klass base: 0x0000000000000000, Narrow klass shift: 3
Compressed class space size: 1073741824 Address: 0x0000000100000000

Heap:
 PSYoungGen      total 309760K, used 306982K [0x00000000ece00000, 0x0000000100000000, 0x0000000100000000)
  eden space 306176K, 99% used [0x00000000ece00000,0x00000000ff6b1e38,0x00000000ff900000)
  from space 3584K, 88% used [0x00000000ffc80000,0x00000000fff97d78,0x0000000100000000)
  to   space 3584K, 0% used [0x00000000ff900000,0x00000000ff900000,0x00000000ffc80000)
 ParOldGen       total 406016K, used 340425K [0x00000000c6a00000, 0x00000000df680000, 0x00000000ece00000)
  object space 406016K, 83% used [0x00000000c6a00000,0x00000000db6724a0,0x00000000df680000)
 Metaspace       used 2482K, capacity 4490K, committed 4864K, reserved 1056768K
  class space    used 265K, capacity 386K, committed 512K, reserved 1048576K

Card table byte_map: [0x00007efeefdeb000,0x00007efeeffb7000] byte_map_base: 0x00007efeef7b6000

Marking Bits: (ParMarkBitMap*) 0x00007eff05719d80
 Begin Bits: [0x00007efeedc05000, 0x00007efeeea5d000)
 End Bits:   [0x00007efeeea5d000, 0x00007efeef8b5000)

Polling page: 0x00007eff0632e000

CodeCache: size=245760Kb used=1091Kb max_used=1103Kb free=244668Kb
 bounds [0x00007efef0377000, 0x00007efef05e7000, 0x00007efeff377000]
 total_blobs=245 nmethods=16 adapters=144
 compilation: enabled

Compilation events (10 events):
Event: 0.077 Thread 0x00007eff000bd800   12       3       java.lang.AbstractStringBuilder::append (50 bytes)
Event: 0.077 Thread 0x00007eff000bd800 nmethod 12 0x00007efef0481910 code [0x00007efef0481ae0, 0x00007efef0482218]
Event: 0.077 Thread 0x00007eff000bd800   13       3       java.lang.String::getChars (62 bytes)
Event: 0.079 Thread 0x00007eff000bd800 nmethod 13 0x00007efef0483650 code [0x00007efef0483800, 0x00007efef0483c38]
Event: 0.080 Thread 0x00007eff000bd800   14 %     3       customMethods.JtQueue::add @ 62 (131 bytes)
Event: 0.081 Thread 0x00007eff000bd800 nmethod 14% 0x00007efef0486ad0 code [0x00007efef0486ca0, 0x00007efef04875d0]
Event: 0.081 Thread 0x00007eff000bd800   15       3       customMethods.JtQueue::add (131 bytes)
Event: 0.081 Thread 0x00007eff000bd800 nmethod 15 0x00007efef0487ad0 code [0x00007efef0487ca0, 0x00007efef0488530]
Event: 0.081 Thread 0x00007eff000b9000   16 %     4       customMethods.JtQueue::add @ 62 (131 bytes)
Event: 0.089 Thread 0x00007eff000b9000 nmethod 16% 0x00007efef0482ad0 code [0x00007efef0482c60, 0x00007efef04832d8]

GC Heap History (10 events):
Event: 6556.942 GC heap before
{Heap before GC invocations=4448 (full 100):
 PSYoungGen      total 309760K, used 306806K [0x00000000ece00000, 0x0000000100000000, 0x0000000100000000)
  eden space 306176K, 99% used [0x00000000ece00000,0x00000000ff686450,0x00000000ff900000)
  from space 3584K, 88% used [0x00000000ff900000,0x00000000ffc17610,0x00000000ffc80000)
  to   space 3584K, 0% used [0x00000000ffc80000,0x00000000ffc80000,0x0000000100000000)
 ParOldGen       total 406016K, used 330924K [0x00000000c6a00000, 0x00000000df680000, 0x00000000ece00000)
  object space 406016K, 81% used [0x00000000c6a00000,0x00000000dad2b3a0,0x00000000df680000)
 Metaspace       used 2482K, capacity 4490K, committed 4864K, reserved 1056768K
  class space    used 265K, capacity 386K, committed 512K, reserved 1048576K
Event: 6556.948 GC heap after
Heap after GC invocations=4448 (full 100):
 PSYoungGen      total 309760K, used 3165K [0x00000000ece00000, 0x0000000100000000, 0x0000000100000000)
  eden space 306176K, 0% used [0x00000000ece00000,0x00000000ece00000,0x00000000ff900000)
  from space 3584K, 88% used [0x00000000ffc80000,0x00000000fff97788,0x0000000100000000)
  to   space 3584K, 0% used [0x00000000ff900000,0x00000000ff900000,0x00000000ffc80000)
 ParOldGen       total 406016K, used 330924K [0x00000000c6a00000, 0x00000000df680000, 0x00000000ece00000)
  object space 406016K, 81% used [0x00000000c6a00000,0x00000000dad2b3a0,0x00000000df680000)
 Metaspace       used 2482K, capacity 4490K, committed 4864K, reserved 1056768K
  class space    used 265K, capacity 386K, committed 512K, reserved 1048576K
}
Event: 6557.198 GC heap before
{Heap before GC invocations=4449 (full 100):
 PSYoungGen      total 309760K, used 306841K [0x00000000ece00000, 0x0000000100000000, 0x0000000100000000)
  eden space 306176K, 99% used [0x00000000ece00000,0x00000000ff68efe0,0x00000000ff900000)
  from space 3584K, 88% used [0x00000000ffc80000,0x00000000fff97788,0x0000000100000000)
  to   space 3584K, 0% used [0x00000000ff900000,0x00000000ff900000,0x00000000ffc80000)
 ParOldGen       total 406016K, used 330924K [0x00000000c6a00000, 0x00000000df680000, 0x00000000ece00000)
  object space 406016K, 81% used [0x00000000c6a00000,0x00000000dad2b3a0,0x00000000df680000)
 Metaspace       used 2482K, capacity 4490K, committed 4864K, reserved 1056768K
  class space    used 265K, capacity 386K, committed 512K, reserved 1048576K
Event: 6557.206 GC heap after
Heap after GC invocations=4449 (full 100):
 PSYoungGen      total 309760K, used 3166K [0x00000000ece00000, 0x0000000100000000, 0x0000000100000000)
  eden space 306176K, 0% used [0x00000000ece00000,0x00000000ece00000,0x00000000ff900000)
  from space 3584K, 88% used [0x00000000ff900000,0x00000000ffc17908,0x00000000ffc80000)
  to   space 3584K, 0% used [0x00000000ffc80000,0x00000000ffc80000,0x0000000100000000)
 ParOldGen       total 406016K, used 330924K [0x00000000c6a00000, 0x00000000df680000, 0x00000000ece00000)
  object space 406016K, 81% used [0x00000000c6a00000,0x00000000dad2b3a0,0x00000000df680000)
 Metaspace       used 2482K, capacity 4490K, committed 4864K, reserved 1056768K
  class space    used 265K, capacity 386K, committed 512K, reserved 1048576K
}
Event: 6557.517 GC heap before
{Heap before GC invocations=4450 (full 100):
 PSYoungGen      total 309760K, used 306877K [0x00000000ece00000, 0x0000000100000000, 0x0000000100000000)
  eden space 306176K, 99% used [0x00000000ece00000,0x00000000ff697b78,0x00000000ff900000)
  from space 3584K, 88% used [0x00000000ff900000,0x00000000ffc17908,0x00000000ffc80000)
  to   space 3584K, 0% used [0x00000000ffc80000,0x00000000ffc80000,0x0000000100000000)
 ParOldGen       total 406016K, used 330924K [0x00000000c6a00000, 0x00000000df680000, 0x00000000ece00000)
  object space 406016K, 81% used [0x00000000c6a00000,0x00000000dad2b3a0,0x00000000df680000)
 Metaspace       used 2482K, capacity 4490K, committed 4864K, reserved 1056768K
  class space    used 265K, capacity 386K, committed 512K, reserved 1048576K
Event: 6557.526 GC heap after
Heap after GC invocations=4450 (full 100):
 PSYoungGen      total 309760K, used 3166K [0x00000000ece00000, 0x0000000100000000, 0x0000000100000000)
  eden space 306176K, 0% used [0x00000000ece00000,0x00000000ece00000,0x00000000ff900000)
  from space 3584K, 88% used [0x00000000ffc80000,0x00000000fff97a80,0x0000000100000000)
  to   space 3584K, 0% used [0x00000000ff900000,0x00000000ff900000,0x00000000ffc80000)
 ParOldGen       total 406016K, used 337258K [0x00000000c6a00000, 0x00000000df680000, 0x00000000ece00000)
  object space 406016K, 83% used [0x00000000c6a00000,0x00000000db35a8a0,0x00000000df680000)
 Metaspace       used 2482K, capacity 4490K, committed 4864K, reserved 1056768K
  class space    used 265K, capacity 386K, committed 512K, reserved 1048576K
}
Event: 6568.054 GC heap before
{Heap before GC invocations=4451 (full 100):
 PSYoungGen      total 309760K, used 306912K [0x00000000ece00000, 0x0000000100000000, 0x0000000100000000)
  eden space 306176K, 99% used [0x00000000ece00000,0x00000000ff6a0710,0x00000000ff900000)
  from space 3584K, 88% used [0x00000000ffc80000,0x00000000fff97a80,0x0000000100000000)
  to   space 3584K, 0% used [0x00000000ff900000,0x00000000ff900000,0x00000000ffc80000)
 ParOldGen       total 406016K, used 337258K [0x00000000c6a00000, 0x00000000df680000, 0x00000000ece00000)
  object space 406016K, 83% used [0x00000000c6a00000,0x00000000db35a8a0,0x00000000df680000)
 Metaspace       used 2482K, capacity 4490K, committed 4864K, reserved 1056768K
  class space    used 265K, capacity 386K, committed 512K, reserved 1048576K
Event: 6568.065 GC heap after
Heap after GC invocations=4451 (full 100):
 PSYoungGen      total 309760K, used 3167K [0x00000000ece00000, 0x0000000100000000, 0x0000000100000000)
  eden space 306176K, 0% used [0x00000000ece00000,0x00000000ece00000,0x00000000ff900000)
  from space 3584K, 88% used [0x00000000ff900000,0x00000000ffc17c00,0x00000000ffc80000)
  to   space 3584K, 0% used [0x00000000ffc80000,0x00000000ffc80000,0x0000000100000000)
 ParOldGen       total 406016K, used 340425K [0x00000000c6a00000, 0x00000000df680000, 0x00000000ece00000)
  object space 406016K, 83% used [0x00000000c6a00000,0x00000000db6724a0,0x00000000df680000)
 Metaspace       used 2482K, capacity 4490K, committed 4864K, reserved 1056768K
  class space    used 265K, capacity 386K, committed 512K, reserved 1048576K
}
Event: 6568.749 GC heap before
{Heap before GC invocations=4452 (full 100):
 PSYoungGen      total 309760K, used 306947K [0x00000000ece00000, 0x0000000100000000, 0x0000000100000000)
  eden space 306176K, 99% used [0x00000000ece00000,0x00000000ff6a92a8,0x00000000ff900000)
  from space 3584K, 88% used [0x00000000ff900000,0x00000000ffc17c00,0x00000000ffc80000)
  to   space 3584K, 0% used [0x00000000ffc80000,0x00000000ffc80000,0x0000000100000000)
 ParOldGen       total 406016K, used 340425K [0x00000000c6a00000, 0x00000000df680000, 0x00000000ece00000)
  object space 406016K, 83% used [0x00000000c6a00000,0x00000000db6724a0,0x00000000df680000)
 Metaspace       used 2482K, capacity 4490K, committed 4864K, reserved 1056768K
  class space    used 265K, capacity 386K, committed 512K, reserved 1048576K
Event: 6568.768 GC heap after
Heap after GC invocations=4452 (full 100):
 PSYoungGen      total 309760K, used 3167K [0x00000000ece00000, 0x0000000100000000, 0x0000000100000000)
  eden space 306176K, 0% used [0x00000000ece00000,0x00000000ece00000,0x00000000ff900000)
  from space 3584K, 88% used [0x00000000ffc80000,0x00000000fff97d78,0x0000000100000000)
  to   space 3584K, 0% used [0x00000000ff900000,0x00000000ff900000,0x00000000ffc80000)
 ParOldGen       total 406016K, used 340425K [0x00000000c6a00000, 0x00000000df680000, 0x00000000ece00000)
  object space 406016K, 83% used [0x00000000c6a00000,0x00000000db6724a0,0x00000000df680000)
 Metaspace       used 2482K, capacity 4490K, committed 4864K, reserved 1056768K
  class space    used 265K, capacity 386K, committed 512K, reserved 1048576K
}

Deoptimization events (0 events):
No events

Classes redefined (0 events):
No events

Internal exceptions (2 events):
Event: 0.030 Thread 0x00007eff0000a800 Exception <a 'java/lang/NoSuchMethodError': Method sun.misc.Unsafe.defineClass(Ljava/lang/String;[BII)Ljava/lang/Class; name or signature does not match> (0x00000000ece07cb0) thrown at [/HUDSON/workspace/8-2-build-linux-amd64/jdk8u201/12317/hotspot/src/sh
Event: 0.030 Thread 0x00007eff0000a800 Exception <a 'java/lang/NoSuchMethodError': Method sun.misc.Unsafe.prefetchRead(Ljava/lang/Object;J)V name or signature does not match> (0x00000000ece07f98) thrown at [/HUDSON/workspace/8-2-build-linux-amd64/jdk8u201/12317/hotspot/src/share/vm/prims/jni.c

Events (10 events):
Event: 6556.948 Executing VM operation: ParallelGCFailedAllocation done
Event: 6557.198 Executing VM operation: ParallelGCFailedAllocation
Event: 6557.206 Executing VM operation: ParallelGCFailedAllocation done
Event: 6557.517 Executing VM operation: ParallelGCFailedAllocation
Event: 6557.526 Executing VM operation: ParallelGCFailedAllocation done
Event: 6568.054 Executing VM operation: ParallelGCFailedAllocation
Event: 6568.065 Executing VM operation: ParallelGCFailedAllocation done
Event: 6568.749 Executing VM operation: ParallelGCFailedAllocation
Event: 6568.768 Executing VM operation: ParallelGCFailedAllocation done
Event: 6569.124 Executing VM operation: ParallelGCFailedAllocation


Dynamic libraries:
00400000-00401000 r-xp 00000000 08:01 24248622                           /home/nkeng/jdk8/bin/java
00600000-00601000 r--p 00000000 08:01 24248622                           /home/nkeng/jdk8/bin/java
00601000-00602000 rw-p 00001000 08:01 24248622                           /home/nkeng/jdk8/bin/java
0250c000-0252d000 rw-p 00000000 00:00 0                                  [heap]
c6a00000-df680000 rw-p 00000000 00:00 0 
df680000-ece00000 ---p 00000000 00:00 0 
ece00000-100000000 rw-p 00000000 00:00 0 
100000000-100080000 rw-p 00000000 00:00 0 
100080000-140000000 ---p 00000000 00:00 0 
7efeb4000000-7efeb4021000 rw-p 00000000 00:00 0 
7efeb4021000-7efeb8000000 ---p 00000000 00:00 0 
7efeb8000000-7efeb8021000 rw-p 00000000 00:00 0 
7efeb8021000-7efebc000000 ---p 00000000 00:00 0 
7efebc000000-7efebc021000 rw-p 00000000 00:00 0 
7efebc021000-7efec0000000 ---p 00000000 00:00 0 
7efec0000000-7efec0021000 rw-p 00000000 00:00 0 
7efec0021000-7efec4000000 ---p 00000000 00:00 0 
7efec4000000-7efec4021000 rw-p 00000000 00:00 0 
7efec4021000-7efec8000000 ---p 00000000 00:00 0 
7efec8000000-7efec80f6000 rw-p 00000000 00:00 0 
7efec80f6000-7efecc000000 ---p 00000000 00:00 0 
7efecc000000-7efecc021000 rw-p 00000000 00:00 0 
7efecc021000-7efed0000000 ---p 00000000 00:00 0 
7efed0000000-7efed0021000 rw-p 00000000 00:00 0 
7efed0021000-7efed4000000 ---p 00000000 00:00 0 
7efed4000000-7efed4021000 rw-p 00000000 00:00 0 
7efed4021000-7efed8000000 ---p 00000000 00:00 0 
7efedb2c7000-7efedb55c000 rw-p 00000000 00:00 0 
7efedb55c000-7efedb55d000 ---p 00000000 00:00 0 
7efedb55d000-7efedb65d000 rw-p 00000000 00:00 0 
7efedb65d000-7efedb660000 ---p 00000000 00:00 0 
7efedb660000-7efedb75e000 rw-p 00000000 00:00 0 
7efedb75e000-7efedb761000 ---p 00000000 00:00 0 
7efedb761000-7efedb85f000 rw-p 00000000 00:00 0 
7efedb85f000-7efedb862000 ---p 00000000 00:00 0 
7efedb862000-7efedb960000 rw-p 00000000 00:00 0 
7efedb960000-7efedb963000 ---p 00000000 00:00 0 
7efedb963000-7efedba61000 rw-p 00000000 00:00 0 
7efedba61000-7efedba64000 ---p 00000000 00:00 0 
7efedba64000-7efedbb62000 rw-p 00000000 00:00 0 
7efedbb62000-7efedbcfd000 r--p 00000000 08:01 532122                     /usr/lib/locale/locale-archive
7efedbcfd000-7efedbd00000 ---p 00000000 00:00 0 
7efedbd00000-7efedbdfe000 rw-p 00000000 00:00 0 
7efedbdfe000-7efedbe01000 ---p 00000000 00:00 0 
7efedbe01000-7efedbeff000 rw-p 00000000 00:00 0 
7efedbeff000-7efedbf00000 ---p 00000000 00:00 0 
7efedbf00000-7efedc000000 rw-p 00000000 00:00 0 
7efedc000000-7efedc021000 rw-p 00000000 00:00 0 
7efedc021000-7efee0000000 ---p 00000000 00:00 0 
7efee0000000-7efee0021000 rw-p 00000000 00:00 0 
7efee0021000-7efee4000000 ---p 00000000 00:00 0 
7efee4000000-7efee4021000 rw-p 00000000 00:00 0 
7efee4021000-7efee8000000 ---p 00000000 00:00 0 
7efee8000000-7efee8021000 rw-p 00000000 00:00 0 
7efee8021000-7efeec000000 ---p 00000000 00:00 0 
7efeec057000-7efeecfea000 rw-p 00000000 00:00 0 
7efeecfea000-7efeed1c4000 r--s 03d6f000 08:01 24250122                   /home/nkeng/jdk8/jre/lib/rt.jar
7efeed1c4000-7efeed67a000 rw-p 00000000 00:00 0 
7efeed67a000-7efeeda3a000 ---p 00000000 00:00 0 
7efeeda3a000-7efeef8b5000 rw-p 00000000 00:00 0 
7efeef8b5000-7efeef8b6000 ---p 00000000 00:00 0 
7efeef8b6000-7efeef9b6000 rw-p 00000000 00:00 0 
7efeef9b6000-7efeef9b7000 ---p 00000000 00:00 0 
7efeef9b7000-7efeefab7000 rw-p 00000000 00:00 0 
7efeefab7000-7efeefab8000 ---p 00000000 00:00 0 
7efeefab8000-7efeefbb8000 rw-p 00000000 00:00 0 
7efeefbb8000-7efeefbb9000 ---p 00000000 00:00 0 
7efeefbb9000-7efeefd80000 rw-p 00000000 00:00 0 
7efeefd80000-7efeefdeb000 ---p 00000000 00:00 0 
7efeefdeb000-7efeefeb2000 rw-p 00000000 00:00 0 
7efeefeb2000-7efeeff1d000 ---p 00000000 00:00 0 
7efeeff1d000-7efeeffb6000 rw-p 00000000 00:00 0 
7efeeffb6000-7efeeffc1000 rw-p 00000000 00:00 0 
7efeeffc1000-7efef0377000 ---p 00000000 00:00 0 
7efef0377000-7efef05e7000 rwxp 00000000 00:00 0 
7efef05e7000-7efeff377000 ---p 00000000 00:00 0 
7efeff377000-7efeff392000 r-xp 00000000 08:01 24250336                   /home/nkeng/jdk8/jre/lib/amd64/libzip.so
7efeff392000-7efeff591000 ---p 0001b000 08:01 24250336                   /home/nkeng/jdk8/jre/lib/amd64/libzip.so
7efeff591000-7efeff592000 r--p 0001a000 08:01 24250336                   /home/nkeng/jdk8/jre/lib/amd64/libzip.so
7efeff592000-7efeff593000 rw-p 0001b000 08:01 24250336                   /home/nkeng/jdk8/jre/lib/amd64/libzip.so
7efeff593000-7efeff59d000 r-xp 00000000 08:01 924916                     /usr/lib/x86_64-linux-gnu/libnss_files-2.24.so
7efeff59d000-7efeff79d000 ---p 0000a000 08:01 924916                     /usr/lib/x86_64-linux-gnu/libnss_files-2.24.so
7efeff79d000-7efeff79e000 r--p 0000a000 08:01 924916                     /usr/lib/x86_64-linux-gnu/libnss_files-2.24.so
7efeff79e000-7efeff79f000 rw-p 0000b000 08:01 924916                     /usr/lib/x86_64-linux-gnu/libnss_files-2.24.so
7efeff79f000-7efeff7a5000 rw-p 00000000 00:00 0 
7efeff7a5000-7efeff7b0000 r-xp 00000000 08:01 924922                     /usr/lib/x86_64-linux-gnu/libnss_nis-2.24.so
7efeff7b0000-7efeff9af000 ---p 0000b000 08:01 924922                     /usr/lib/x86_64-linux-gnu/libnss_nis-2.24.so
7efeff9af000-7efeff9b0000 r--p 0000a000 08:01 924922                     /usr/lib/x86_64-linux-gnu/libnss_nis-2.24.so
7efeff9b0000-7efeff9b1000 rw-p 0000b000 08:01 924922                     /usr/lib/x86_64-linux-gnu/libnss_nis-2.24.so
7efeff9b1000-7efeff9c5000 r-xp 00000000 08:01 924904                     /usr/lib/x86_64-linux-gnu/libnsl-2.24.so
7efeff9c5000-7efeffbc5000 ---p 00014000 08:01 924904                     /usr/lib/x86_64-linux-gnu/libnsl-2.24.so
7efeffbc5000-7efeffbc6000 r--p 00014000 08:01 924904                     /usr/lib/x86_64-linux-gnu/libnsl-2.24.so
7efeffbc6000-7efeffbc7000 rw-p 00015000 08:01 924904                     /usr/lib/x86_64-linux-gnu/libnsl-2.24.so
7efeffbc7000-7efeffbc9000 rw-p 00000000 00:00 0 
7efeffbc9000-7efeffbd0000 r-xp 00000000 08:01 924910                     /usr/lib/x86_64-linux-gnu/libnss_compat-2.24.so
7efeffbd0000-7efeffdcf000 ---p 00007000 08:01 924910                     /usr/lib/x86_64-linux-gnu/libnss_compat-2.24.so
7efeffdcf000-7efeffdd0000 r--p 00006000 08:01 924910                     /usr/lib/x86_64-linux-gnu/libnss_compat-2.24.so
7efeffdd0000-7efeffdd1000 rw-p 00007000 08:01 924910                     /usr/lib/x86_64-linux-gnu/libnss_compat-2.24.so
7efeffdd1000-7efeffdfd000 r-xp 00000000 08:01 24250330                   /home/nkeng/jdk8/jre/lib/amd64/libjava.so
7efeffdfd000-7efeffffd000 ---p 0002c000 08:01 24250330                   /home/nkeng/jdk8/jre/lib/amd64/libjava.so
7efeffffd000-7efeffffe000 r--p 0002c000 08:01 24250330                   /home/nkeng/jdk8/jre/lib/amd64/libjava.so
7efeffffe000-7eff00000000 rw-p 0002d000 08:01 24250330                   /home/nkeng/jdk8/jre/lib/amd64/libjava.so
7eff00000000-7eff000e8000 rw-p 00000000 00:00 0 
7eff000e8000-7eff04000000 ---p 00000000 00:00 0 
7eff04012000-7eff04033000 rw-p 00000000 00:00 0 
7eff04033000-7eff04040000 r-xp 00000000 08:01 24250335                   /home/nkeng/jdk8/jre/lib/amd64/libverify.so
7eff04040000-7eff0423f000 ---p 0000d000 08:01 24250335                   /home/nkeng/jdk8/jre/lib/amd64/libverify.so
7eff0423f000-7eff04241000 r--p 0000c000 08:01 24250335                   /home/nkeng/jdk8/jre/lib/amd64/libverify.so
7eff04241000-7eff04242000 rw-p 0000e000 08:01 24250335                   /home/nkeng/jdk8/jre/lib/amd64/libverify.so
7eff04242000-7eff04249000 r-xp 00000000 08:01 925166                     /usr/lib/x86_64-linux-gnu/librt-2.24.so
7eff04249000-7eff04448000 ---p 00007000 08:01 925166                     /usr/lib/x86_64-linux-gnu/librt-2.24.so
7eff04448000-7eff04449000 r--p 00006000 08:01 925166                     /usr/lib/x86_64-linux-gnu/librt-2.24.so
7eff04449000-7eff0444a000 rw-p 00007000 08:01 925166                     /usr/lib/x86_64-linux-gnu/librt-2.24.so
7eff0444a000-7eff0454d000 r-xp 00000000 08:01 924780                     /usr/lib/x86_64-linux-gnu/libm-2.24.so
7eff0454d000-7eff0474c000 ---p 00103000 08:01 924780                     /usr/lib/x86_64-linux-gnu/libm-2.24.so
7eff0474c000-7eff0474d000 r--p 00102000 08:01 924780                     /usr/lib/x86_64-linux-gnu/libm-2.24.so
7eff0474d000-7eff0474e000 rw-p 00103000 08:01 924780                     /usr/lib/x86_64-linux-gnu/libm-2.24.so
7eff0474e000-7eff05436000 r-xp 00000000 08:01 24250311                   /home/nkeng/jdk8/jre/lib/amd64/server/libjvm.so
7eff05436000-7eff05635000 ---p 00ce8000 08:01 24250311                   /home/nkeng/jdk8/jre/lib/amd64/server/libjvm.so
7eff05635000-7eff056cb000 r--p 00ce7000 08:01 24250311                   /home/nkeng/jdk8/jre/lib/amd64/server/libjvm.so
7eff056cb000-7eff056fc000 rw-p 00d7d000 08:01 24250311                   /home/nkeng/jdk8/jre/lib/amd64/server/libjvm.so
7eff056fc000-7eff05737000 rw-p 00000000 00:00 0 
7eff05737000-7eff058cc000 r-xp 00000000 08:01 923953                     /usr/lib/x86_64-linux-gnu/libc-2.24.so
7eff058cc000-7eff05acc000 ---p 00195000 08:01 923953                     /usr/lib/x86_64-linux-gnu/libc-2.24.so
7eff05acc000-7eff05ad0000 r--p 00195000 08:01 923953                     /usr/lib/x86_64-linux-gnu/libc-2.24.so
7eff05ad0000-7eff05ad2000 rw-p 00199000 08:01 923953                     /usr/lib/x86_64-linux-gnu/libc-2.24.so
7eff05ad2000-7eff05ad6000 rw-p 00000000 00:00 0 
7eff05ad6000-7eff05ad9000 r-xp 00000000 08:01 924095                     /usr/lib/x86_64-linux-gnu/libdl-2.24.so
7eff05ad9000-7eff05cd8000 ---p 00003000 08:01 924095                     /usr/lib/x86_64-linux-gnu/libdl-2.24.so
7eff05cd8000-7eff05cd9000 r--p 00002000 08:01 924095                     /usr/lib/x86_64-linux-gnu/libdl-2.24.so
7eff05cd9000-7eff05cda000 rw-p 00003000 08:01 924095                     /usr/lib/x86_64-linux-gnu/libdl-2.24.so
7eff05cda000-7eff05cf1000 r-xp 00000000 08:01 24249984                   /home/nkeng/jdk8/lib/amd64/jli/libjli.so
7eff05cf1000-7eff05ef0000 ---p 00017000 08:01 24249984                   /home/nkeng/jdk8/lib/amd64/jli/libjli.so
7eff05ef0000-7eff05ef1000 r--p 00016000 08:01 24249984                   /home/nkeng/jdk8/lib/amd64/jli/libjli.so
7eff05ef1000-7eff05ef2000 rw-p 00017000 08:01 24249984                   /home/nkeng/jdk8/lib/amd64/jli/libjli.so
7eff05ef2000-7eff05f0a000 r-xp 00000000 08:01 925106                     /usr/lib/x86_64-linux-gnu/libpthread-2.24.so
7eff05f0a000-7eff06109000 ---p 00018000 08:01 925106                     /usr/lib/x86_64-linux-gnu/libpthread-2.24.so
7eff06109000-7eff0610a000 r--p 00017000 08:01 925106                     /usr/lib/x86_64-linux-gnu/libpthread-2.24.so
7eff0610a000-7eff0610b000 rw-p 00018000 08:01 925106                     /usr/lib/x86_64-linux-gnu/libpthread-2.24.so
7eff0610b000-7eff0610f000 rw-p 00000000 00:00 0 
7eff0610f000-7eff06132000 r-xp 00000000 08:01 923503                     /usr/lib/x86_64-linux-gnu/ld-2.24.so
7eff0613e000-7eff06210000 rw-p 00000000 00:00 0 
7eff06210000-7eff06213000 ---p 00000000 00:00 0 
7eff06213000-7eff06325000 rw-p 00000000 00:00 0 
7eff06325000-7eff0632d000 rw-s 00000000 08:01 15728714                   /tmp/hsperfdata_nkeng/8083
7eff0632d000-7eff0632e000 rw-p 00000000 00:00 0 
7eff0632e000-7eff0632f000 ---p 00000000 00:00 0 
7eff0632f000-7eff06332000 rw-p 00000000 00:00 0 
7eff06332000-7eff06333000 r--p 00023000 08:01 923503                     /usr/lib/x86_64-linux-gnu/ld-2.24.so
7eff06333000-7eff06334000 rw-p 00024000 08:01 923503                     /usr/lib/x86_64-linux-gnu/ld-2.24.so
7eff06334000-7eff06335000 rw-p 00000000 00:00 0 
7fffdd6ac000-7fffdd6cd000 rw-p 00000000 00:00 0                          [stack]
7fffdd795000-7fffdd798000 r--p 00000000 00:00 0                          [vvar]
7fffdd798000-7fffdd79a000 r-xp 00000000 00:00 0                          [vdso]
ffffffffff600000-ffffffffff601000 r-xp 00000000 00:00 0                  [vsyscall]

VM Arguments:
jvm_args: -Dfile.encoding=UTF-8 
java_command: customMethods.Main
java_class_path (initial): /home/nkeng/Dropbox/eclipse-workspace/customMethods/bin
Launcher Type: SUN_STANDARD

Environment Variables:
PATH=/home/nkeng/jdk8/bin:/usr/local/bin:/usr/bin:/bin:/usr/local/games:/usr/games:/sbin:/usr/sbin
SHELL=/bin/bash
DISPLAY=:0

Signal Handlers:
SIGSEGV: [libjvm.so+0xad3e60], sa_mask[0]=11111111011111111101111111111110, sa_flags=SA_RESTART|SA_SIGINFO
SIGBUS: [libjvm.so+0xad3e60], sa_mask[0]=11111111011111111101111111111110, sa_flags=SA_RESTART|SA_SIGINFO
SIGFPE: [libjvm.so+0x90b880], sa_mask[0]=11111111011111111101111111111110, sa_flags=SA_RESTART|SA_SIGINFO
SIGPIPE: [libjvm.so+0x90b880], sa_mask[0]=11111111011111111101111111111110, sa_flags=SA_RESTART|SA_SIGINFO
SIGXFSZ: [libjvm.so+0x90b880], sa_mask[0]=11111111011111111101111111111110, sa_flags=SA_RESTART|SA_SIGINFO
SIGILL: [libjvm.so+0x90b880], sa_mask[0]=11111111011111111101111111111110, sa_flags=SA_RESTART|SA_SIGINFO
SIGUSR1: SIG_DFL, sa_mask[0]=00000000000000000000000000000000, sa_flags=none
SIGUSR2: [libjvm.so+0x90b750], sa_mask[0]=00100000000000000000000000000000, sa_flags=SA_RESTART|SA_SIGINFO
SIGHUP: SIG_IGN, sa_mask[0]=00000000000000000000000000000000, sa_flags=none
SIGINT: [libjvm.so+0x90bd70], sa_mask[0]=11111111011111111101111111111110, sa_flags=SA_RESTART|SA_SIGINFO
SIGTERM: [libjvm.so+0x90bd70], sa_mask[0]=11111111011111111101111111111110, sa_flags=SA_RESTART|SA_SIGINFO
SIGQUIT: [libjvm.so+0x90bd70], sa_mask[0]=11111111011111111101111111111110, sa_flags=SA_RESTART|SA_SIGINFO


---------------  S Y S T E M  ---------------

OS:DISTRIB_ID=Deepin
DISTRIB_RELEASE="15.10.2"
DISTRIB_DESCRIPTION="Deepin 15.10.2 "
DISTRIB_CODENAME=stable

uname:Linux 4.15.0-30deepin-generic #31 SMP Fri Nov 30 04:29:02 UTC 2018 x86_64
libc:glibc 2.24 NPTL 2.24 
rlimit: STACK 8192k, CORE 0k, NPROC 14442, NOFILE 1048576, AS infinity
load average:43.27 35.12 31.96

/proc/meminfo:
MemTotal:        3757392 kB
MemFree:         1076288 kB
MemAvailable:    1182200 kB
Buffers:            8196 kB
Cached:           327384 kB
SwapCached:       244720 kB
Active:          1975172 kB
Inactive:         507072 kB
Active(anon):    1891516 kB
Inactive(anon):   302592 kB
Active(file):      83656 kB
Inactive(file):   204480 kB
Unevictable:          48 kB
Mlocked:              48 kB
SwapTotal:       4194300 kB
SwapFree:        3597696 kB
Dirty:               108 kB
Writeback:          7776 kB
AnonPages:       1920924 kB
Mapped:           130812 kB
Shmem:             47352 kB
Slab:              89100 kB
SReclaimable:      39480 kB
SUnreclaim:        49620 kB
KernelStack:       13008 kB
PageTables:        31300 kB
NFS_Unstable:          0 kB
Bounce:                0 kB
WritebackTmp:          0 kB
CommitLimit:     6072996 kB
Committed_AS:    7422432 kB
VmallocTotal:   34359738367 kB
VmallocUsed:           0 kB
VmallocChunk:          0 kB
HardwareCorrupted:     0 kB
AnonHugePages:         0 kB
ShmemHugePages:        0 kB
ShmemPmdMapped:        0 kB
CmaTotal:              0 kB
CmaFree:               0 kB
HugePages_Total:       0
HugePages_Free:        0
HugePages_Rsvd:        0
HugePages_Surp:        0
Hugepagesize:       2048 kB
DirectMap4k:      138180 kB
DirectMap2M:     3770368 kB
DirectMap1G:           0 kB

container (cgroup) information:
container_type: cgroupv1
cpu_cpuset_cpus: 0-3
cpu_memory_nodes: 0
active_processor_count: 4
cpu_quota: -1
cpu_period: 100000
cpu_shares: -1
memory_limit_in_bytes: -1
memory_and_swap_limit_in_bytes: -2
memory_soft_limit_in_bytes: -1
memory_usage_in_bytes: 2109698048
memory_max_usage_in_bytes: 3319447552


CPU:total 4 (initial active 4) (2 cores per cpu, 2 threads per core) family 6 model 60 stepping 3, cmov, cx8, fxsr, mmx, sse, sse2, sse3, ssse3, sse4.1, sse4.2, popcnt, avx, avx2, aes, clmul, erms, lzcnt, ht, tsc, tscinvbit, bmi1, bmi2

/proc/cpuinfo:
processor	: 0
vendor_id	: GenuineIntel
cpu family	: 6
model		: 60
model name	: Intel(R) Core(TM) i5-4300M CPU @ 2.60GHz
stepping	: 3
microcode	: 0x1e
cpu MHz		: 1524.219
cache size	: 3072 KB
physical id	: 0
siblings	: 4
core id		: 0
cpu cores	: 2
apicid		: 0
initial apicid	: 0
fpu		: yes
fpu_exception	: yes
cpuid level	: 13
wp		: yes
flags		: fpu vme de pse tsc msr pae mce cx8 apic sep mtrr pge mca cmov pat pse36 clflush dts acpi mmx fxsr sse sse2 ss ht tm pbe syscall nx pdpe1gb rdtscp lm constant_tsc arch_perfmon pebs bts rep_good nopl xtopology nonstop_tsc cpuid aperfmperf pni pclmulqdq dtes64 monitor ds_cpl vmx smx est tm2 ssse3 sdbg fma cx16 xtpr pdcm pcid sse4_1 sse4_2 x2apic movbe popcnt aes xsave avx f16c rdrand lahf_lm abm cpuid_fault epb invpcid_single pti tpr_shadow vnmi flexpriority ept vpid fsgsbase tsc_adjust bmi1 avx2 smep bmi2 erms invpcid xsaveopt dtherm ida arat pln pts
bugs		: cpu_meltdown spectre_v1 spectre_v2 spec_store_bypass
bogomips	: 5188.16
clflush size	: 64
cache_alignment	: 64
address sizes	: 39 bits physical, 48 bits virtual
power management:

processor	: 1
vendor_id	: GenuineIntel
cpu family	: 6
model		: 60
model name	: Intel(R) Core(TM) i5-4300M CPU @ 2.60GHz
stepping	: 3
microcode	: 0x1e
cpu MHz		: 1469.808
cache size	: 3072 KB
physical id	: 0
siblings	: 4
core id		: 0
cpu cores	: 2
apicid		: 1
initial apicid	: 1
fpu		: yes
fpu_exception	: yes
cpuid level	: 13
wp		: yes
flags		: fpu vme de pse tsc msr pae mce cx8 apic sep mtrr pge mca cmov pat pse36 clflush dts acpi mmx fxsr sse sse2 ss ht tm pbe syscall nx pdpe1gb rdtscp lm constant_tsc arch_perfmon pebs bts rep_good nopl xtopology nonstop_tsc cpuid aperfmperf pni pclmulqdq dtes64 monitor ds_cpl vmx smx est tm2 ssse3 sdbg fma cx16 xtpr pdcm pcid sse4_1 sse4_2 x2apic movbe popcnt aes xsave avx f16c rdrand lahf_lm abm cpuid_fault epb invpcid_single pti tpr_shadow vnmi flexpriority ept vpid fsgsbase tsc_adjust bmi1 avx2 smep bmi2 erms invpcid xsaveopt dtherm ida arat pln pts
bugs		: cpu_meltdown spectre_v1 spectre_v2 spec_store_bypass
bogomips	: 5188.16
clflush size	: 64
cache_alignment	: 64
address sizes	: 39 bits physical, 48 bits virtual
power management:

processor	: 2
vendor_id	: GenuineIntel
cpu family	: 6
model		: 60
model name	: Intel(R) Core(TM) i5-4300M CPU @ 2.60GHz
stepping	: 3
microcode	: 0x1e
cpu MHz		: 1560.198
cache size	: 3072 KB
physical id	: 0
siblings	: 4
core id		: 1
cpu cores	: 2
apicid		: 2
initial apicid	: 2
fpu		: yes
fpu_exception	: yes
cpuid level	: 13
wp		: yes
flags		: fpu vme de pse tsc msr pae mce cx8 apic sep mtrr pge mca cmov pat pse36 clflush dts acpi mmx fxsr sse sse2 ss ht tm pbe syscall nx pdpe1gb rdtscp lm constant_tsc arch_perfmon pebs bts rep_good nopl xtopology nonstop_tsc cpuid aperfmperf pni pclmulqdq dtes64 monitor ds_cpl vmx smx est tm2 ssse3 sdbg fma cx16 xtpr pdcm pcid sse4_1 sse4_2 x2apic movbe popcnt aes xsave avx f16c rdrand lahf_lm abm cpuid_fault epb invpcid_single pti tpr_shadow vnmi flexpriority ept vpid fsgsbase tsc_adjust bmi1 avx2 smep bmi2 erms invpcid xsaveopt dtherm ida arat pln pts
bugs		: cpu_meltdown spectre_v1 spectre_v2 spec_store_bypass
bogomips	: 5188.16
clflush size	: 64
cache_alignment	: 64
address sizes	: 39 bits physical, 48 bits virtual
power management:

processor	: 3
vendor_id	: GenuineIntel
cpu family	: 6
model		: 60
model name	: Intel(R) Core(TM) i5-4300M CPU @ 2.60GHz
stepping	: 3
microcode	: 0x1e
cpu MHz		: 1498.192
cache size	: 3072 KB
physical id	: 0
siblings	: 4
core id		: 1
cpu cores	: 2
apicid		: 3
initial apicid	: 3
fpu		: yes
fpu_exception	: yes
cpuid level	: 13
wp		: yes
flags		: fpu vme de pse tsc msr pae mce cx8 apic sep mtrr pge mca cmov pat pse36 clflush dts acpi mmx fxsr sse sse2 ss ht tm pbe syscall nx pdpe1gb rdtscp lm constant_tsc arch_perfmon pebs bts rep_good nopl xtopology nonstop_tsc cpuid aperfmperf pni pclmulqdq dtes64 monitor ds_cpl vmx smx est tm2 ssse3 sdbg fma cx16 xtpr pdcm pcid sse4_1 sse4_2 x2apic movbe popcnt aes xsave avx f16c rdrand lahf_lm abm cpuid_fault epb invpcid_single pti tpr_shadow vnmi flexpriority ept vpid fsgsbase tsc_adjust bmi1 avx2 smep bmi2 erms invpcid xsaveopt dtherm ida arat pln pts
bugs		: cpu_meltdown spectre_v1 spectre_v2 spec_store_bypass
bogomips	: 5188.16
clflush size	: 64
cache_alignment	: 64
address sizes	: 39 bits physical, 48 bits virtual
power management:



Memory: 4k page, physical 3757392k(1076288k free), swap 4194300k(3597696k free)

vm_info: Java HotSpot(TM) 64-Bit Server VM (25.201-b09) for linux-amd64 JRE (1.8.0_201-b09), built on Dec 15 2018 11:35:59 by "java_re" with gcc 7.3.0

time: Wed Aug 21 22:44:10 2019
timezone: SAST
elapsed time: 6655 seconds (0d 1h 50m 55s)

