#
# A fatal error has been detected by the Java Runtime Environment:
#
#  SIGBUS (0x7) at pc=0x00007f3f00311920, pid=8103, tid=0x00007f3ee8dfd700
#
# JRE version: Java(TM) SE Runtime Environment (8.0_201-b09) (build 1.8.0_201-b09)
# Java VM: Java HotSpot(TM) 64-Bit Server VM (25.201-b09 mixed mode linux-amd64 compressed oops)
# Problematic frame:
# V  [libjvm.so+0xa83920]  TraceTime::TraceTime(char const*, bool)+0x0
#
# Failed to write core dump. Core dumps have been disabled. To enable core dumping, try "ulimit -c unlimited" before starting Java again
#
# If you would like to submit a bug report, please visit:
#   http://bugreport.java.com/bugreport/crash.jsp
#

---------------  T H R E A D  ---------------

Current thread (0x00007f3ef8078800):  VMThread [stack: 0x00007f3ee8cfd000,0x00007f3ee8dfe000] [id=8115]

siginfo: si_signo: 7 (SIGBUS), si_code: 2 (BUS_ADRERR), si_addr: 0x00007f3f00311920

Registers:
RAX=0x00007f3f0084b391, RBX=0x00007f3ee8dfcc50, RCX=0x0000000000000018, RDX=0x0000000000000000
RSP=0x00007f3ee8dfcc48, RBP=0x00007f3ee8dfcc90, RSI=0x00007f3f003f8dc2, RDI=0x00007f3ee8dfcc50
R8 =0x0000000000000001, R9 =0x0000000000000000, R10=0x00007f3ee8dfcc20, R11=0x0000000000000001
R12=0x00007f3f0084b131, R13=0x00007f3f0084b3ac, R14=0x0000000000000000, R15=0x0000000000000000
RIP=0x00007f3f00311920, EFLAGS=0x0000000000010206, CSGSFS=0x002b000000000033, ERR=0x0000000000000014
  TRAPNO=0x000000000000000e

Top of Stack: (sp=0x00007f3ee8dfcc48)
0x00007f3ee8dfcc48:   00007f3f0024776a 00007f3ee8dfcc70
0x00007f3ee8dfcc58:   00007f3f00311911 00007f3f0084b132
0x00007f3ee8dfcc68:   00007f3ef8015180 00007f3ee8dfcc90
0x00007f3ee8dfcc78:   00007f3f00247223 431bde82d7b634db
0x00007f3ee8dfcc88:   00007f3f0084b132 00007f3ee8dfcd00
0x00007f3ee8dfcc98:   00007f3f00247ee1 00007f3ee8dfcd00
0x00007f3ee8dfcca8:   00007f3ef8006c00 0000000000000000
0x00007f3ee8dfccb8:   0000000400000008 0000000000000001
0x00007f3ee8dfccc8:   00007f3f0080f9f1 00007f3ee8dfcd60
0x00007f3ee8dfccd8:   0000000000000000 00007f3f0144f810
0x00007f3ee8dfcce8:   00007f3f00855868 0000000000000000
0x00007f3ee8dfccf8:   00007f3ee8dfcd60 00007f3ee8dfcea0
0x00007f3ee8dfcd08:   00007f3f00366ba7 0000000000000000
0x00007f3ee8dfcd18:   00007f3ee8dfcd20 00007f3ef8078800
0x00007f3ee8dfcd28:   00007f3ef8078cb0 00007f3ef8078cf0
0x00007f3ee8dfcd38:   00007f3ef8078d00 00007f3ef8078dd8
0x00007f3ee8dfcd48:   00000000000000d8 00007f3ef8078f10
0x00007f3ee8dfcd58:   0000000000000000 00007f3ee8dfcd68
0x00007f3ee8dfcd68:   6e69747563657845 65706f204d562067
0x00007f3ee8dfcd78:   203a6e6f69746172 6c656c6c61726150
0x00007f3ee8dfcd88:   64656c6961464347 697461636f6c6c41
0x00007f3ee8dfcd98:   00656e6f64006e6f 00007f3f01473040
0x00007f3ee8dfcda8:   00007f3f008f1f64 00007f3f0103d1d1
0x00007f3ee8dfcdb8:   0000000000000138 00007f3ee8dfce00
0x00007f3ee8dfcdc8:   00007f3f001934b5 0000000000000000
0x00007f3ee8dfcdd8:   0000000000000138 0000000000000138
0x00007f3ee8dfcde8:   00007f3ef8078800 0000000000000000
0x00007f3ee8dfcdf8:   00007f3f01473040 00007f3ee8dfce30
0x00007f3ee8dfce08:   00007f3effb54f49 00007f3ee8dfce30
0x00007f3ee8dfce18:   00007f3f001a79ad 00007f3ee8cfd000
0x00007f3ee8dfce28:   00007f3ee8dfce40 00007f3ee8dfce80
0x00007f3ee8dfce38:   00007f3effb54fe4 0000000000000000 

Instructions: (pc=0x00007f3f00311920)
0x00007f3f00311900:   55 48 89 e5 53 48 89 fb 48 83 ec 08 e8 4f a9 e8
0x00007f3f00311910:   ff 48 2b 03 48 83 c4 08 5b 5d c3 90 0f 1f 40 00
0x00007f3f00311920:   84 d2 c6 47 18 00 48 c7 47 08 00 00 00 00 88 17
0x00007f3f00311930:   c6 47 01 01 75 0a f3 c3 0f 1f 84 00 00 00 00 00 

Register to memory mapping:

RAX=0x00007f3f0084b391: <offset 0xfbd391> in /home/nkeng/jdk8/jre/lib/amd64/server/libjvm.so at 0x00007f3eff88e000
RBX=0x00007f3ee8dfcc50 is an unknown value
RCX=0x0000000000000018 is an unknown value
RDX=0x0000000000000000 is an unknown value
RSP=0x00007f3ee8dfcc48 is an unknown value
RBP=0x00007f3ee8dfcc90 is an unknown value
RSI=0x00007f3f003f8dc2: <offset 0xb6adc2> in /home/nkeng/jdk8/jre/lib/amd64/server/libjvm.so at 0x00007f3eff88e000
RDI=0x00007f3ee8dfcc50 is an unknown value
R8 =0x0000000000000001 is an unknown value
R9 =0x0000000000000000 is an unknown value
R10=0x00007f3ee8dfcc20 is an unknown value
R11=0x0000000000000001 is an unknown value
R12=0x00007f3f0084b131: <offset 0xfbd131> in /home/nkeng/jdk8/jre/lib/amd64/server/libjvm.so at 0x00007f3eff88e000
R13=0x00007f3f0084b3ac: <offset 0xfbd3ac> in /home/nkeng/jdk8/jre/lib/amd64/server/libjvm.so at 0x00007f3eff88e000
R14=0x0000000000000000 is an unknown value
R15=0x0000000000000000 is an unknown value


Stack: [0x00007f3ee8cfd000,0x00007f3ee8dfe000],  sp=0x00007f3ee8dfcc48,  free space=1023k
Native frames: (J=compiled Java code, j=interpreted, Vv=VM code, C=native code)
V  [libjvm.so+0xa83920]  TraceTime::TraceTime(char const*, bool)+0x0
V  [libjvm.so+0x9b9ee1]  SafepointSynchronize::begin()+0x471
V  [libjvm.so+0xad8ba7]  VMThread::loop()+0x397
V  [libjvm.so+0xad8f88]  VMThread::run()+0x78
V  [libjvm.so+0x90d922]  java_start(Thread*)+0x102

VM_Operation (0x00007f3f0144f810): ParallelGCFailedAllocation, mode: safepoint, requested by thread 0x00007f3ef800a800


---------------  P R O C E S S  ---------------

Java Threads: ( => current thread )
  0x00007f3ef80db000 JavaThread "Service Thread" daemon [_thread_blocked, id=8122, stack(0x00007f3ee845b000,0x00007f3ee855c000)]
  0x00007f3ef80bd800 JavaThread "C1 CompilerThread2" daemon [_thread_blocked, id=8121, stack(0x00007f3ee855c000,0x00007f3ee865d000)]
  0x00007f3ef80bc000 JavaThread "C2 CompilerThread1" daemon [_thread_blocked, id=8120, stack(0x00007f3ee865d000,0x00007f3ee875e000)]
  0x00007f3ef80b9000 JavaThread "C2 CompilerThread0" daemon [_thread_blocked, id=8119, stack(0x00007f3ee875e000,0x00007f3ee885f000)]
  0x00007f3ef80b7800 JavaThread "Signal Dispatcher" daemon [_thread_blocked, id=8118, stack(0x00007f3ee885f000,0x00007f3ee8960000)]
  0x00007f3ef8084800 JavaThread "Finalizer" daemon [_thread_blocked, id=8117, stack(0x00007f3ee8afb000,0x00007f3ee8bfc000)]
  0x00007f3ef8082000 JavaThread "Reference Handler" daemon [_thread_blocked, id=8116, stack(0x00007f3ee8bfc000,0x00007f3ee8cfd000)]
  0x00007f3ef800a800 JavaThread "main" [_thread_blocked, id=8106, stack(0x00007f3f01350000,0x00007f3f01451000)]

Other Threads:
=>0x00007f3ef8078800 VMThread [stack: 0x00007f3ee8cfd000,0x00007f3ee8dfe000] [id=8115]
  0x00007f3ef80dd800 WatcherThread [stack: 0x00007f3ee835a000,0x00007f3ee845b000] [id=8123]

VM state:at safepoint (normal execution)

VM Mutex/Monitor currently owned by a thread:  ([mutex/lock_event])
[0x00007f3ef8006c00] Safepoint_lock - owner thread: 0x00007f3ef8078800
[0x00007f3ef8006c80] Threads_lock - owner thread: 0x00007f3ef8078800
[0x00007f3ef8007180] Heap_lock - owner thread: 0x00007f3ef800a800
[0x00007f3ef8007a00] PeriodicTask_lock - owner thread: 0x00007f3ef80dd800

heap address: 0x00000000c6a00000, size: 918 MB, Compressed Oops mode: 32-bit
Narrow klass base: 0x0000000000000000, Narrow klass shift: 3
Compressed class space size: 1073741824 Address: 0x0000000100000000

Heap:
 PSYoungGen      total 309760K, used 308159K [0x00000000ece00000, 0x0000000100000000, 0x0000000100000000)
  eden space 306176K, 99% used [0x00000000ece00000,0x00000000ff7d4d60,0x00000000ff900000)
  from space 3584K, 88% used [0x00000000ff900000,0x00000000ffc1af50,0x00000000ffc80000)
  to   space 3584K, 0% used [0x00000000ffc80000,0x00000000ffc80000,0x0000000100000000)
 ParOldGen       total 434176K, used 35480K [0x00000000c6a00000, 0x00000000e1200000, 0x00000000ece00000)
  object space 434176K, 8% used [0x00000000c6a00000,0x00000000c8ca6340,0x00000000e1200000)
 Metaspace       used 2483K, capacity 4490K, committed 4864K, reserved 1056768K
  class space    used 265K, capacity 386K, committed 512K, reserved 1048576K

Card table byte_map: [0x00007f3efdf5e000,0x00007f3efe12a000] byte_map_base: 0x00007f3efd929000

Marking Bits: (ParMarkBitMap*) 0x00007f3f00859d80
 Begin Bits: [0x00007f3ee2350000, 0x00007f3ee31a8000)
 End Bits:   [0x00007f3ee31a8000, 0x00007f3ee4000000)

Polling page: 0x00007f3f0146e000

CodeCache: size=245760Kb used=1090Kb max_used=1102Kb free=244669Kb
 bounds [0x00007f3ee9000000, 0x00007f3ee9270000, 0x00007f3ef8000000]
 total_blobs=244 nmethods=15 adapters=144
 compilation: enabled

Compilation events (10 events):
Event: 0.088 Thread 0x00007f3ef80bd800   11       1       java.lang.ThreadLocal::access$400 (5 bytes)
Event: 0.088 Thread 0x00007f3ef80bd800 nmethod 11 0x00007f3ee910d550 code [0x00007f3ee910d6a0, 0x00007f3ee910d790]
Event: 0.088 Thread 0x00007f3ef80bd800   12       3       java.lang.String::getChars (62 bytes)
Event: 0.089 Thread 0x00007f3ef80bd800 nmethod 12 0x00007f3ee910d810 code [0x00007f3ee910d9c0, 0x00007f3ee910ddf8]
Event: 0.092 Thread 0x00007f3ef80bd800   13 %     3       customMethods.JtQueue::add @ 62 (131 bytes)
Event: 0.093 Thread 0x00007f3ef80bd800 nmethod 13% 0x00007f3ee910e010 code [0x00007f3ee910e1e0, 0x00007f3ee910eb10]
Event: 0.093 Thread 0x00007f3ef80bd800   14       3       customMethods.JtQueue::add (131 bytes)
Event: 0.095 Thread 0x00007f3ef80bd800 nmethod 14 0x00007f3ee910f010 code [0x00007f3ee910f1e0, 0x00007f3ee910fa70]
Event: 0.095 Thread 0x00007f3ef80b9000   15 %     4       customMethods.JtQueue::add @ 62 (131 bytes)
Event: 0.108 Thread 0x00007f3ef80b9000 nmethod 15% 0x00007f3ee9113090 code [0x00007f3ee9113220, 0x00007f3ee9113898]

GC Heap History (10 events):
Event: 6368.550 GC heap before
{Heap before GC invocations=4460 (full 97):
 PSYoungGen      total 309760K, used 304812K [0x00000000ece00000, 0x0000000100000000, 0x0000000100000000)
  eden space 306176K, 99% used [0x00000000ece00000,0x00000000ff7ab200,0x00000000ff900000)
  from space 3584K, 0% used [0x00000000ffc80000,0x00000000ffc80000,0x0000000100000000)
  to   space 3584K, 0% used [0x00000000ff900000,0x00000000ff900000,0x00000000ffc80000)
 ParOldGen       total 434176K, used 3689K [0x00000000c6a00000, 0x00000000e1200000, 0x00000000ece00000)
  object space 434176K, 0% used [0x00000000c6a00000,0x00000000c6d9a7e0,0x00000000e1200000)
 Metaspace       used 2483K, capacity 4490K, committed 4864K, reserved 1056768K
  class space    used 265K, capacity 386K, committed 512K, reserved 1048576K
Event: 6380.023 GC heap after
Heap after GC invocations=4460 (full 97):
 PSYoungGen      total 309760K, used 3178K [0x00000000ece00000, 0x0000000100000000, 0x0000000100000000)
  eden space 306176K, 0% used [0x00000000ece00000,0x00000000ece00000,0x00000000ff900000)
  from space 3584K, 88% used [0x00000000ff900000,0x00000000ffc1a960,0x00000000ffc80000)
  to   space 3584K, 0% used [0x00000000ffc80000,0x00000000ffc80000,0x0000000100000000)
 ParOldGen       total 434176K, used 10046K [0x00000000c6a00000, 0x00000000e1200000, 0x00000000ece00000)
  object space 434176K, 2% used [0x00000000c6a00000,0x00000000c73cfaa0,0x00000000e1200000)
 Metaspace       used 2483K, capacity 4490K, committed 4864K, reserved 1056768K
  class space    used 265K, capacity 386K, committed 512K, reserved 1048576K
}
Event: 6381.212 GC heap before
{Heap before GC invocations=4461 (full 97):
 PSYoungGen      total 309760K, used 307981K [0x00000000ece00000, 0x0000000100000000, 0x0000000100000000)
  eden space 306176K, 99% used [0x00000000ece00000,0x00000000ff7a8ad8,0x00000000ff900000)
  from space 3584K, 88% used [0x00000000ff900000,0x00000000ffc1a960,0x00000000ffc80000)
  to   space 3584K, 0% used [0x00000000ffc80000,0x00000000ffc80000,0x0000000100000000)
 ParOldGen       total 434176K, used 10046K [0x00000000c6a00000, 0x00000000e1200000, 0x00000000ece00000)
  object space 434176K, 2% used [0x00000000c6a00000,0x00000000c73cfaa0,0x00000000e1200000)
 Metaspace       used 2483K, capacity 4490K, committed 4864K, reserved 1056768K
  class space    used 265K, capacity 386K, committed 512K, reserved 1048576K
Event: 6514.236 GC heap after
Heap after GC invocations=4461 (full 97):
 PSYoungGen      total 309760K, used 3178K [0x00000000ece00000, 0x0000000100000000, 0x0000000100000000)
  eden space 306176K, 0% used [0x00000000ece00000,0x00000000ece00000,0x00000000ff900000)
  from space 3584K, 88% used [0x00000000ffc80000,0x00000000fff9aad8,0x0000000100000000)
  to   space 3584K, 0% used [0x00000000ff900000,0x00000000ff900000,0x00000000ffc80000)
 ParOldGen       total 434176K, used 16404K [0x00000000c6a00000, 0x00000000e1200000, 0x00000000ece00000)
  object space 434176K, 3% used [0x00000000c6a00000,0x00000000c7a05050,0x00000000e1200000)
 Metaspace       used 2483K, capacity 4490K, committed 4864K, reserved 1056768K
  class space    used 265K, capacity 386K, committed 512K, reserved 1048576K
}
Event: 6514.898 GC heap before
{Heap before GC invocations=4462 (full 97):
 PSYoungGen      total 309760K, used 308032K [0x00000000ece00000, 0x0000000100000000, 0x0000000100000000)
  eden space 306176K, 99% used [0x00000000ece00000,0x00000000ff7b5640,0x00000000ff900000)
  from space 3584K, 88% used [0x00000000ffc80000,0x00000000fff9aad8,0x0000000100000000)
  to   space 3584K, 0% used [0x00000000ff900000,0x00000000ff900000,0x00000000ffc80000)
 ParOldGen       total 434176K, used 16404K [0x00000000c6a00000, 0x00000000e1200000, 0x00000000ece00000)
  object space 434176K, 3% used [0x00000000c6a00000,0x00000000c7a05050,0x00000000e1200000)
 Metaspace       used 2483K, capacity 4490K, committed 4864K, reserved 1056768K
  class space    used 265K, capacity 386K, committed 512K, reserved 1048576K
Event: 6529.267 GC heap after
Heap after GC invocations=4462 (full 97):
 PSYoungGen      total 309760K, used 3179K [0x00000000ece00000, 0x0000000100000000, 0x0000000100000000)
  eden space 306176K, 0% used [0x00000000ece00000,0x00000000ece00000,0x00000000ff900000)
  from space 3584K, 88% used [0x00000000ff900000,0x00000000ffc1ac58,0x00000000ffc80000)
  to   space 3584K, 0% used [0x00000000ffc80000,0x00000000ffc80000,0x0000000100000000)
 ParOldGen       total 434176K, used 22762K [0x00000000c6a00000, 0x00000000e1200000, 0x00000000ece00000)
  object space 434176K, 5% used [0x00000000c6a00000,0x00000000c803a900,0x00000000e1200000)
 Metaspace       used 2483K, capacity 4490K, committed 4864K, reserved 1056768K
  class space    used 265K, capacity 386K, committed 512K, reserved 1048576K
}
Event: 6529.517 GC heap before
{Heap before GC invocations=4463 (full 97):
 PSYoungGen      total 309760K, used 308077K [0x00000000ece00000, 0x0000000100000000, 0x0000000100000000)
  eden space 306176K, 99% used [0x00000000ece00000,0x00000000ff7c0ad8,0x00000000ff900000)
  from space 3584K, 88% used [0x00000000ff900000,0x00000000ffc1ac58,0x00000000ffc80000)
  to   space 3584K, 0% used [0x00000000ffc80000,0x00000000ffc80000,0x0000000100000000)
 ParOldGen       total 434176K, used 22762K [0x00000000c6a00000, 0x00000000e1200000, 0x00000000ece00000)
  object space 434176K, 5% used [0x00000000c6a00000,0x00000000c803a900,0x00000000e1200000)
 Metaspace       used 2483K, capacity 4490K, committed 4864K, reserved 1056768K
  class space    used 265K, capacity 386K, committed 512K, reserved 1048576K
Event: 6543.343 GC heap after
Heap after GC invocations=4463 (full 97):
 PSYoungGen      total 309760K, used 3179K [0x00000000ece00000, 0x0000000100000000, 0x0000000100000000)
  eden space 306176K, 0% used [0x00000000ece00000,0x00000000ece00000,0x00000000ff900000)
  from space 3584K, 88% used [0x00000000ffc80000,0x00000000fff9add0,0x0000000100000000)
  to   space 3584K, 0% used [0x00000000ff900000,0x00000000ff900000,0x00000000ffc80000)
 ParOldGen       total 434176K, used 29121K [0x00000000c6a00000, 0x00000000e1200000, 0x00000000ece00000)
  object space 434176K, 6% used [0x00000000c6a00000,0x00000000c86704a0,0x00000000e1200000)
 Metaspace       used 2483K, capacity 4490K, committed 4864K, reserved 1056768K
  class space    used 265K, capacity 386K, committed 512K, reserved 1048576K
}
Event: 6543.903 GC heap before
{Heap before GC invocations=4464 (full 97):
 PSYoungGen      total 309760K, used 308119K [0x00000000ece00000, 0x0000000100000000, 0x0000000100000000)
  eden space 306176K, 99% used [0x00000000ece00000,0x00000000ff7cb0d0,0x00000000ff900000)
  from space 3584K, 88% used [0x00000000ffc80000,0x00000000fff9add0,0x0000000100000000)
  to   space 3584K, 0% used [0x00000000ff900000,0x00000000ff900000,0x00000000ffc80000)
 ParOldGen       total 434176K, used 29121K [0x00000000c6a00000, 0x00000000e1200000, 0x00000000ece00000)
  object space 434176K, 6% used [0x00000000c6a00000,0x00000000c86704a0,0x00000000e1200000)
 Metaspace       used 2483K, capacity 4490K, committed 4864K, reserved 1056768K
  class space    used 265K, capacity 386K, committed 512K, reserved 1048576K
Event: 6567.609 GC heap after
Heap after GC invocations=4464 (full 97):
 PSYoungGen      total 309760K, used 3179K [0x00000000ece00000, 0x0000000100000000, 0x0000000100000000)
  eden space 306176K, 0% used [0x00000000ece00000,0x00000000ece00000,0x00000000ff900000)
  from space 3584K, 88% used [0x00000000ff900000,0x00000000ffc1af50,0x00000000ffc80000)
  to   space 3584K, 0% used [0x00000000ffc80000,0x00000000ffc80000,0x0000000100000000)
 ParOldGen       total 434176K, used 35480K [0x00000000c6a00000, 0x00000000e1200000, 0x00000000ece00000)
  object space 434176K, 8% used [0x00000000c6a00000,0x00000000c8ca6340,0x00000000e1200000)
 Metaspace       used 2483K, capacity 4490K, committed 4864K, reserved 1056768K
  class space    used 265K, capacity 386K, committed 512K, reserved 1048576K
}

Deoptimization events (0 events):
No events

Classes redefined (0 events):
No events

Internal exceptions (2 events):
Event: 0.035 Thread 0x00007f3ef800a800 Exception <a 'java/lang/NoSuchMethodError': Method sun.misc.Unsafe.defineClass(Ljava/lang/String;[BII)Ljava/lang/Class; name or signature does not match> (0x00000000ece07cb0) thrown at [/HUDSON/workspace/8-2-build-linux-amd64/jdk8u201/12317/hotspot/src/sh
Event: 0.035 Thread 0x00007f3ef800a800 Exception <a 'java/lang/NoSuchMethodError': Method sun.misc.Unsafe.prefetchRead(Ljava/lang/Object;J)V name or signature does not match> (0x00000000ece07f98) thrown at [/HUDSON/workspace/8-2-build-linux-amd64/jdk8u201/12317/hotspot/src/share/vm/prims/jni.c

Events (10 events):
Event: 6380.024 Executing VM operation: ParallelGCFailedAllocation done
Event: 6380.406 Executing VM operation: ParallelGCFailedAllocation
Event: 6514.236 Executing VM operation: ParallelGCFailedAllocation done
Event: 6514.897 Executing VM operation: ParallelGCFailedAllocation
Event: 6529.267 Executing VM operation: ParallelGCFailedAllocation done
Event: 6529.517 Executing VM operation: ParallelGCFailedAllocation
Event: 6543.343 Executing VM operation: ParallelGCFailedAllocation done
Event: 6543.903 Executing VM operation: ParallelGCFailedAllocation
Event: 6567.610 Executing VM operation: ParallelGCFailedAllocation done
Event: 6568.317 Executing VM operation: ParallelGCFailedAllocation


Dynamic libraries:
00400000-00401000 r-xp 00000000 08:01 24248622                           /home/nkeng/jdk8/bin/java
00600000-00601000 r--p 00000000 08:01 24248622                           /home/nkeng/jdk8/bin/java
00601000-00602000 rw-p 00001000 08:01 24248622                           /home/nkeng/jdk8/bin/java
02175000-02196000 rw-p 00000000 00:00 0                                  [heap]
c6a00000-e1200000 rw-p 00000000 00:00 0 
e1200000-ece00000 ---p 00000000 00:00 0 
ece00000-100000000 rw-p 00000000 00:00 0 
100000000-100080000 rw-p 00000000 00:00 0 
100080000-140000000 ---p 00000000 00:00 0 
7f3eac000000-7f3eac021000 rw-p 00000000 00:00 0 
7f3eac021000-7f3eb0000000 ---p 00000000 00:00 0 
7f3eb4000000-7f3eb4021000 rw-p 00000000 00:00 0 
7f3eb4021000-7f3eb8000000 ---p 00000000 00:00 0 
7f3eb8000000-7f3eb8021000 rw-p 00000000 00:00 0 
7f3eb8021000-7f3ebc000000 ---p 00000000 00:00 0 
7f3ebc000000-7f3ebc0ff000 rw-p 00000000 00:00 0 
7f3ebc0ff000-7f3ec0000000 ---p 00000000 00:00 0 
7f3ec0000000-7f3ec0021000 rw-p 00000000 00:00 0 
7f3ec0021000-7f3ec4000000 ---p 00000000 00:00 0 
7f3ec4000000-7f3ec4021000 rw-p 00000000 00:00 0 
7f3ec4021000-7f3ec8000000 ---p 00000000 00:00 0 
7f3ec8000000-7f3ec8021000 rw-p 00000000 00:00 0 
7f3ec8021000-7f3ecc000000 ---p 00000000 00:00 0 
7f3ecc000000-7f3ecc021000 rw-p 00000000 00:00 0 
7f3ecc021000-7f3ed0000000 ---p 00000000 00:00 0 
7f3ed0000000-7f3ed0021000 rw-p 00000000 00:00 0 
7f3ed0021000-7f3ed4000000 ---p 00000000 00:00 0 
7f3ed4000000-7f3ed4021000 rw-p 00000000 00:00 0 
7f3ed4021000-7f3ed8000000 ---p 00000000 00:00 0 
7f3ed8000000-7f3ed8021000 rw-p 00000000 00:00 0 
7f3ed8021000-7f3edc000000 ---p 00000000 00:00 0 
7f3edc000000-7f3edc021000 rw-p 00000000 00:00 0 
7f3edc021000-7f3ee0000000 ---p 00000000 00:00 0 
7f3ee2350000-7f3ee4000000 rw-p 00000000 00:00 0 
7f3ee4000000-7f3ee4021000 rw-p 00000000 00:00 0 
7f3ee4021000-7f3ee8000000 ---p 00000000 00:00 0 
7f3ee80c5000-7f3ee835a000 rw-p 00000000 00:00 0 
7f3ee835a000-7f3ee835b000 ---p 00000000 00:00 0 
7f3ee835b000-7f3ee845b000 rw-p 00000000 00:00 0 
7f3ee845b000-7f3ee845e000 ---p 00000000 00:00 0 
7f3ee845e000-7f3ee855c000 rw-p 00000000 00:00 0 
7f3ee855c000-7f3ee855f000 ---p 00000000 00:00 0 
7f3ee855f000-7f3ee865d000 rw-p 00000000 00:00 0 
7f3ee865d000-7f3ee8660000 ---p 00000000 00:00 0 
7f3ee8660000-7f3ee875e000 rw-p 00000000 00:00 0 
7f3ee875e000-7f3ee8761000 ---p 00000000 00:00 0 
7f3ee8761000-7f3ee885f000 rw-p 00000000 00:00 0 
7f3ee885f000-7f3ee8862000 ---p 00000000 00:00 0 
7f3ee8862000-7f3ee8960000 rw-p 00000000 00:00 0 
7f3ee8960000-7f3ee8afb000 r--p 00000000 08:01 532122                     /usr/lib/locale/locale-archive
7f3ee8afb000-7f3ee8afe000 ---p 00000000 00:00 0 
7f3ee8afe000-7f3ee8bfc000 rw-p 00000000 00:00 0 
7f3ee8bfc000-7f3ee8bff000 ---p 00000000 00:00 0 
7f3ee8bff000-7f3ee8cfd000 rw-p 00000000 00:00 0 
7f3ee8cfd000-7f3ee8cfe000 ---p 00000000 00:00 0 
7f3ee8cfe000-7f3ee9000000 rw-p 00000000 00:00 0 
7f3ee9000000-7f3ee9270000 rwxp 00000000 00:00 0 
7f3ee9270000-7f3ef8000000 ---p 00000000 00:00 0 
7f3ef8000000-7f3ef80f0000 rw-p 00000000 00:00 0 
7f3ef80f0000-7f3efc000000 ---p 00000000 00:00 0 
7f3efc05b000-7f3efce0d000 rw-p 00000000 00:00 0 
7f3efce0d000-7f3efcfe7000 r--s 03d6f000 08:01 24250122                   /home/nkeng/jdk8/jre/lib/rt.jar
7f3efcfe7000-7f3efd49d000 rw-p 00000000 00:00 0 
7f3efd49d000-7f3efd85d000 ---p 00000000 00:00 0 
7f3efd85d000-7f3efda28000 rw-p 00000000 00:00 0 
7f3efda28000-7f3efda29000 ---p 00000000 00:00 0 
7f3efda29000-7f3efdb29000 rw-p 00000000 00:00 0 
7f3efdb29000-7f3efdb2a000 ---p 00000000 00:00 0 
7f3efdb2a000-7f3efdc2a000 rw-p 00000000 00:00 0 
7f3efdc2a000-7f3efdc2b000 ---p 00000000 00:00 0 
7f3efdc2b000-7f3efdd2b000 rw-p 00000000 00:00 0 
7f3efdd2b000-7f3efdd2c000 ---p 00000000 00:00 0 
7f3efdd2c000-7f3efdf00000 rw-p 00000000 00:00 0 
7f3efdf00000-7f3efdf5e000 ---p 00000000 00:00 0 
7f3efdf5e000-7f3efe032000 rw-p 00000000 00:00 0 
7f3efe032000-7f3efe090000 ---p 00000000 00:00 0 
7f3efe090000-7f3efe129000 rw-p 00000000 00:00 0 
7f3efe129000-7f3efe134000 rw-p 00000000 00:00 0 
7f3efe134000-7f3efe4ea000 ---p 00000000 00:00 0 
7f3efe4ea000-7f3efe505000 r-xp 00000000 08:01 24250336                   /home/nkeng/jdk8/jre/lib/amd64/libzip.so
7f3efe505000-7f3efe704000 ---p 0001b000 08:01 24250336                   /home/nkeng/jdk8/jre/lib/amd64/libzip.so
7f3efe704000-7f3efe705000 r--p 0001a000 08:01 24250336                   /home/nkeng/jdk8/jre/lib/amd64/libzip.so
7f3efe705000-7f3efe706000 rw-p 0001b000 08:01 24250336                   /home/nkeng/jdk8/jre/lib/amd64/libzip.so
7f3efe706000-7f3efe710000 r-xp 00000000 08:01 924916                     /usr/lib/x86_64-linux-gnu/libnss_files-2.24.so
7f3efe710000-7f3efe910000 ---p 0000a000 08:01 924916                     /usr/lib/x86_64-linux-gnu/libnss_files-2.24.so
7f3efe910000-7f3efe911000 r--p 0000a000 08:01 924916                     /usr/lib/x86_64-linux-gnu/libnss_files-2.24.so
7f3efe911000-7f3efe912000 rw-p 0000b000 08:01 924916                     /usr/lib/x86_64-linux-gnu/libnss_files-2.24.so
7f3efe912000-7f3efe918000 rw-p 00000000 00:00 0 
7f3efe918000-7f3efe923000 r-xp 00000000 08:01 924922                     /usr/lib/x86_64-linux-gnu/libnss_nis-2.24.so
7f3efe923000-7f3efeb22000 ---p 0000b000 08:01 924922                     /usr/lib/x86_64-linux-gnu/libnss_nis-2.24.so
7f3efeb22000-7f3efeb23000 r--p 0000a000 08:01 924922                     /usr/lib/x86_64-linux-gnu/libnss_nis-2.24.so
7f3efeb23000-7f3efeb24000 rw-p 0000b000 08:01 924922                     /usr/lib/x86_64-linux-gnu/libnss_nis-2.24.so
7f3efeb24000-7f3efeb38000 r-xp 00000000 08:01 924904                     /usr/lib/x86_64-linux-gnu/libnsl-2.24.so
7f3efeb38000-7f3efed38000 ---p 00014000 08:01 924904                     /usr/lib/x86_64-linux-gnu/libnsl-2.24.so
7f3efed38000-7f3efed39000 r--p 00014000 08:01 924904                     /usr/lib/x86_64-linux-gnu/libnsl-2.24.so
7f3efed39000-7f3efed3a000 rw-p 00015000 08:01 924904                     /usr/lib/x86_64-linux-gnu/libnsl-2.24.so
7f3efed3a000-7f3efed3c000 rw-p 00000000 00:00 0 
7f3efed3c000-7f3efed43000 r-xp 00000000 08:01 924910                     /usr/lib/x86_64-linux-gnu/libnss_compat-2.24.so
7f3efed43000-7f3efef42000 ---p 00007000 08:01 924910                     /usr/lib/x86_64-linux-gnu/libnss_compat-2.24.so
7f3efef42000-7f3efef43000 r--p 00006000 08:01 924910                     /usr/lib/x86_64-linux-gnu/libnss_compat-2.24.so
7f3efef43000-7f3efef44000 rw-p 00007000 08:01 924910                     /usr/lib/x86_64-linux-gnu/libnss_compat-2.24.so
7f3efef44000-7f3efef70000 r-xp 00000000 08:01 24250330                   /home/nkeng/jdk8/jre/lib/amd64/libjava.so
7f3efef70000-7f3eff170000 ---p 0002c000 08:01 24250330                   /home/nkeng/jdk8/jre/lib/amd64/libjava.so
7f3eff170000-7f3eff171000 r--p 0002c000 08:01 24250330                   /home/nkeng/jdk8/jre/lib/amd64/libjava.so
7f3eff171000-7f3eff173000 rw-p 0002d000 08:01 24250330                   /home/nkeng/jdk8/jre/lib/amd64/libjava.so
7f3eff173000-7f3eff180000 r-xp 00000000 08:01 24250335                   /home/nkeng/jdk8/jre/lib/amd64/libverify.so
7f3eff180000-7f3eff37f000 ---p 0000d000 08:01 24250335                   /home/nkeng/jdk8/jre/lib/amd64/libverify.so
7f3eff37f000-7f3eff381000 r--p 0000c000 08:01 24250335                   /home/nkeng/jdk8/jre/lib/amd64/libverify.so
7f3eff381000-7f3eff382000 rw-p 0000e000 08:01 24250335                   /home/nkeng/jdk8/jre/lib/amd64/libverify.so
7f3eff382000-7f3eff389000 r-xp 00000000 08:01 925166                     /usr/lib/x86_64-linux-gnu/librt-2.24.so
7f3eff389000-7f3eff588000 ---p 00007000 08:01 925166                     /usr/lib/x86_64-linux-gnu/librt-2.24.so
7f3eff588000-7f3eff589000 r--p 00006000 08:01 925166                     /usr/lib/x86_64-linux-gnu/librt-2.24.so
7f3eff589000-7f3eff58a000 rw-p 00007000 08:01 925166                     /usr/lib/x86_64-linux-gnu/librt-2.24.so
7f3eff58a000-7f3eff68d000 r-xp 00000000 08:01 924780                     /usr/lib/x86_64-linux-gnu/libm-2.24.so
7f3eff68d000-7f3eff88c000 ---p 00103000 08:01 924780                     /usr/lib/x86_64-linux-gnu/libm-2.24.so
7f3eff88c000-7f3eff88d000 r--p 00102000 08:01 924780                     /usr/lib/x86_64-linux-gnu/libm-2.24.so
7f3eff88d000-7f3eff88e000 rw-p 00103000 08:01 924780                     /usr/lib/x86_64-linux-gnu/libm-2.24.so
7f3eff88e000-7f3f00576000 r-xp 00000000 08:01 24250311                   /home/nkeng/jdk8/jre/lib/amd64/server/libjvm.so
7f3f00576000-7f3f00775000 ---p 00ce8000 08:01 24250311                   /home/nkeng/jdk8/jre/lib/amd64/server/libjvm.so
7f3f00775000-7f3f0080b000 r--p 00ce7000 08:01 24250311                   /home/nkeng/jdk8/jre/lib/amd64/server/libjvm.so
7f3f0080b000-7f3f0083c000 rw-p 00d7d000 08:01 24250311                   /home/nkeng/jdk8/jre/lib/amd64/server/libjvm.so
7f3f0083c000-7f3f00877000 rw-p 00000000 00:00 0 
7f3f00877000-7f3f00a0c000 r-xp 00000000 08:01 923953                     /usr/lib/x86_64-linux-gnu/libc-2.24.so
7f3f00a0c000-7f3f00c0c000 ---p 00195000 08:01 923953                     /usr/lib/x86_64-linux-gnu/libc-2.24.so
7f3f00c0c000-7f3f00c10000 r--p 00195000 08:01 923953                     /usr/lib/x86_64-linux-gnu/libc-2.24.so
7f3f00c10000-7f3f00c12000 rw-p 00199000 08:01 923953                     /usr/lib/x86_64-linux-gnu/libc-2.24.so
7f3f00c12000-7f3f00c16000 rw-p 00000000 00:00 0 
7f3f00c16000-7f3f00c19000 r-xp 00000000 08:01 924095                     /usr/lib/x86_64-linux-gnu/libdl-2.24.so
7f3f00c19000-7f3f00e18000 ---p 00003000 08:01 924095                     /usr/lib/x86_64-linux-gnu/libdl-2.24.so
7f3f00e18000-7f3f00e19000 r--p 00002000 08:01 924095                     /usr/lib/x86_64-linux-gnu/libdl-2.24.so
7f3f00e19000-7f3f00e1a000 rw-p 00003000 08:01 924095                     /usr/lib/x86_64-linux-gnu/libdl-2.24.so
7f3f00e1a000-7f3f00e31000 r-xp 00000000 08:01 24249984                   /home/nkeng/jdk8/lib/amd64/jli/libjli.so
7f3f00e31000-7f3f01030000 ---p 00017000 08:01 24249984                   /home/nkeng/jdk8/lib/amd64/jli/libjli.so
7f3f01030000-7f3f01031000 r--p 00016000 08:01 24249984                   /home/nkeng/jdk8/lib/amd64/jli/libjli.so
7f3f01031000-7f3f01032000 rw-p 00017000 08:01 24249984                   /home/nkeng/jdk8/lib/amd64/jli/libjli.so
7f3f01032000-7f3f0104a000 r-xp 00000000 08:01 925106                     /usr/lib/x86_64-linux-gnu/libpthread-2.24.so
7f3f0104a000-7f3f01249000 ---p 00018000 08:01 925106                     /usr/lib/x86_64-linux-gnu/libpthread-2.24.so
7f3f01249000-7f3f0124a000 r--p 00017000 08:01 925106                     /usr/lib/x86_64-linux-gnu/libpthread-2.24.so
7f3f0124a000-7f3f0124b000 rw-p 00018000 08:01 925106                     /usr/lib/x86_64-linux-gnu/libpthread-2.24.so
7f3f0124b000-7f3f0124f000 rw-p 00000000 00:00 0 
7f3f0124f000-7f3f01272000 r-xp 00000000 08:01 923503                     /usr/lib/x86_64-linux-gnu/ld-2.24.so
7f3f0127e000-7f3f01350000 rw-p 00000000 00:00 0 
7f3f01350000-7f3f01353000 ---p 00000000 00:00 0 
7f3f01353000-7f3f01465000 rw-p 00000000 00:00 0 
7f3f01465000-7f3f0146d000 rw-s 00000000 08:01 15728715                   /tmp/hsperfdata_nkeng/8103
7f3f0146d000-7f3f0146e000 rw-p 00000000 00:00 0 
7f3f0146e000-7f3f0146f000 ---p 00000000 00:00 0 
7f3f0146f000-7f3f01472000 rw-p 00000000 00:00 0 
7f3f01472000-7f3f01473000 r--p 00023000 08:01 923503                     /usr/lib/x86_64-linux-gnu/ld-2.24.so
7f3f01473000-7f3f01474000 rw-p 00024000 08:01 923503                     /usr/lib/x86_64-linux-gnu/ld-2.24.so
7f3f01474000-7f3f01475000 rw-p 00000000 00:00 0 
7fffa0fe3000-7fffa1004000 rw-p 00000000 00:00 0                          [stack]
7fffa1154000-7fffa1157000 r--p 00000000 00:00 0                          [vvar]
7fffa1157000-7fffa1159000 r-xp 00000000 00:00 0                          [vdso]
ffffffffff600000-ffffffffff601000 r-xp 00000000 00:00 0                  [vsyscall]

VM Arguments:
jvm_args: -Dfile.encoding=UTF-8 
java_command: customMethods.Main
java_class_path (initial): /home/nkeng/Dropbox/eclipse-workspace/customMethods/bin
Launcher Type: SUN_STANDARD

Environment Variables:
PATH=/home/nkeng/jdk8/bin:/usr/local/bin:/usr/bin:/bin:/usr/local/games:/usr/games:/sbin:/usr/sbin
SHELL=/bin/bash
DISPLAY=:0

Signal Handlers:
SIGSEGV: [libjvm.so+0xad3e60], sa_mask[0]=11111111011111111101111111111110, sa_flags=SA_RESTART|SA_SIGINFO
SIGBUS: [libjvm.so+0xad3e60], sa_mask[0]=11111111011111111101111111111110, sa_flags=SA_RESTART|SA_SIGINFO
SIGFPE: [libjvm.so+0x90b880], sa_mask[0]=11111111011111111101111111111110, sa_flags=SA_RESTART|SA_SIGINFO
SIGPIPE: [libjvm.so+0x90b880], sa_mask[0]=11111111011111111101111111111110, sa_flags=SA_RESTART|SA_SIGINFO
SIGXFSZ: [libjvm.so+0x90b880], sa_mask[0]=11111111011111111101111111111110, sa_flags=SA_RESTART|SA_SIGINFO
SIGILL: [libjvm.so+0x90b880], sa_mask[0]=11111111011111111101111111111110, sa_flags=SA_RESTART|SA_SIGINFO
SIGUSR1: SIG_DFL, sa_mask[0]=00000000000000000000000000000000, sa_flags=none
SIGUSR2: [libjvm.so+0x90b750], sa_mask[0]=00100000000000000000000000000000, sa_flags=SA_RESTART|SA_SIGINFO
SIGHUP: SIG_IGN, sa_mask[0]=00000000000000000000000000000000, sa_flags=none
SIGINT: [libjvm.so+0x90bd70], sa_mask[0]=11111111011111111101111111111110, sa_flags=SA_RESTART|SA_SIGINFO
SIGTERM: [libjvm.so+0x90bd70], sa_mask[0]=11111111011111111101111111111110, sa_flags=SA_RESTART|SA_SIGINFO
SIGQUIT: [libjvm.so+0x90bd70], sa_mask[0]=11111111011111111101111111111110, sa_flags=SA_RESTART|SA_SIGINFO


---------------  S Y S T E M  ---------------

OS:DISTRIB_ID=Deepin
DISTRIB_RELEASE="15.10.2"
DISTRIB_DESCRIPTION="Deepin 15.10.2 "
DISTRIB_CODENAME=stable

uname:Linux 4.15.0-30deepin-generic #31 SMP Fri Nov 30 04:29:02 UTC 2018 x86_64
libc:glibc 2.24 NPTL 2.24 
rlimit: STACK 8192k, CORE 0k, NPROC 14442, NOFILE 1048576, AS infinity
load average:43.27 35.12 31.96

/proc/meminfo:
MemTotal:        3757392 kB
MemFree:         1076288 kB
MemAvailable:    1182200 kB
Buffers:            8196 kB
Cached:           327384 kB
SwapCached:       244720 kB
Active:          1975172 kB
Inactive:         507072 kB
Active(anon):    1891516 kB
Inactive(anon):   302592 kB
Active(file):      83656 kB
Inactive(file):   204480 kB
Unevictable:          48 kB
Mlocked:              48 kB
SwapTotal:       4194300 kB
SwapFree:        3597696 kB
Dirty:               108 kB
Writeback:          7776 kB
AnonPages:       1920924 kB
Mapped:           130812 kB
Shmem:             47352 kB
Slab:              89100 kB
SReclaimable:      39480 kB
SUnreclaim:        49620 kB
KernelStack:       13008 kB
PageTables:        31300 kB
NFS_Unstable:          0 kB
Bounce:                0 kB
WritebackTmp:          0 kB
CommitLimit:     6072996 kB
Committed_AS:    7422432 kB
VmallocTotal:   34359738367 kB
VmallocUsed:           0 kB
VmallocChunk:          0 kB
HardwareCorrupted:     0 kB
AnonHugePages:         0 kB
ShmemHugePages:        0 kB
ShmemPmdMapped:        0 kB
CmaTotal:              0 kB
CmaFree:               0 kB
HugePages_Total:       0
HugePages_Free:        0
HugePages_Rsvd:        0
HugePages_Surp:        0
Hugepagesize:       2048 kB
DirectMap4k:      138180 kB
DirectMap2M:     3770368 kB
DirectMap1G:           0 kB

container (cgroup) information:
container_type: cgroupv1
cpu_cpuset_cpus: 0-3
cpu_memory_nodes: 0
active_processor_count: 4
cpu_quota: -1
cpu_period: 100000
cpu_shares: -1
memory_limit_in_bytes: -1
memory_and_swap_limit_in_bytes: -2
memory_soft_limit_in_bytes: -1
memory_usage_in_bytes: 2109698048
memory_max_usage_in_bytes: 3319447552


CPU:total 4 (initial active 4) (2 cores per cpu, 2 threads per core) family 6 model 60 stepping 3, cmov, cx8, fxsr, mmx, sse, sse2, sse3, ssse3, sse4.1, sse4.2, popcnt, avx, avx2, aes, clmul, erms, lzcnt, ht, tsc, tscinvbit, bmi1, bmi2

/proc/cpuinfo:
processor	: 0
vendor_id	: GenuineIntel
cpu family	: 6
model		: 60
model name	: Intel(R) Core(TM) i5-4300M CPU @ 2.60GHz
stepping	: 3
microcode	: 0x1e
cpu MHz		: 2688.659
cache size	: 3072 KB
physical id	: 0
siblings	: 4
core id		: 0
cpu cores	: 2
apicid		: 0
initial apicid	: 0
fpu		: yes
fpu_exception	: yes
cpuid level	: 13
wp		: yes
flags		: fpu vme de pse tsc msr pae mce cx8 apic sep mtrr pge mca cmov pat pse36 clflush dts acpi mmx fxsr sse sse2 ss ht tm pbe syscall nx pdpe1gb rdtscp lm constant_tsc arch_perfmon pebs bts rep_good nopl xtopology nonstop_tsc cpuid aperfmperf pni pclmulqdq dtes64 monitor ds_cpl vmx smx est tm2 ssse3 sdbg fma cx16 xtpr pdcm pcid sse4_1 sse4_2 x2apic movbe popcnt aes xsave avx f16c rdrand lahf_lm abm cpuid_fault epb invpcid_single pti tpr_shadow vnmi flexpriority ept vpid fsgsbase tsc_adjust bmi1 avx2 smep bmi2 erms invpcid xsaveopt dtherm ida arat pln pts
bugs		: cpu_meltdown spectre_v1 spectre_v2 spec_store_bypass
bogomips	: 5188.16
clflush size	: 64
cache_alignment	: 64
address sizes	: 39 bits physical, 48 bits virtual
power management:

processor	: 1
vendor_id	: GenuineIntel
cpu family	: 6
model		: 60
model name	: Intel(R) Core(TM) i5-4300M CPU @ 2.60GHz
stepping	: 3
microcode	: 0x1e
cpu MHz		: 2688.568
cache size	: 3072 KB
physical id	: 0
siblings	: 4
core id		: 0
cpu cores	: 2
apicid		: 1
initial apicid	: 1
fpu		: yes
fpu_exception	: yes
cpuid level	: 13
wp		: yes
flags		: fpu vme de pse tsc msr pae mce cx8 apic sep mtrr pge mca cmov pat pse36 clflush dts acpi mmx fxsr sse sse2 ss ht tm pbe syscall nx pdpe1gb rdtscp lm constant_tsc arch_perfmon pebs bts rep_good nopl xtopology nonstop_tsc cpuid aperfmperf pni pclmulqdq dtes64 monitor ds_cpl vmx smx est tm2 ssse3 sdbg fma cx16 xtpr pdcm pcid sse4_1 sse4_2 x2apic movbe popcnt aes xsave avx f16c rdrand lahf_lm abm cpuid_fault epb invpcid_single pti tpr_shadow vnmi flexpriority ept vpid fsgsbase tsc_adjust bmi1 avx2 smep bmi2 erms invpcid xsaveopt dtherm ida arat pln pts
bugs		: cpu_meltdown spectre_v1 spectre_v2 spec_store_bypass
bogomips	: 5188.16
clflush size	: 64
cache_alignment	: 64
address sizes	: 39 bits physical, 48 bits virtual
power management:

processor	: 2
vendor_id	: GenuineIntel
cpu family	: 6
model		: 60
model name	: Intel(R) Core(TM) i5-4300M CPU @ 2.60GHz
stepping	: 3
microcode	: 0x1e
cpu MHz		: 2611.926
cache size	: 3072 KB
physical id	: 0
siblings	: 4
core id		: 1
cpu cores	: 2
apicid		: 2
initial apicid	: 2
fpu		: yes
fpu_exception	: yes
cpuid level	: 13
wp		: yes
flags		: fpu vme de pse tsc msr pae mce cx8 apic sep mtrr pge mca cmov pat pse36 clflush dts acpi mmx fxsr sse sse2 ss ht tm pbe syscall nx pdpe1gb rdtscp lm constant_tsc arch_perfmon pebs bts rep_good nopl xtopology nonstop_tsc cpuid aperfmperf pni pclmulqdq dtes64 monitor ds_cpl vmx smx est tm2 ssse3 sdbg fma cx16 xtpr pdcm pcid sse4_1 sse4_2 x2apic movbe popcnt aes xsave avx f16c rdrand lahf_lm abm cpuid_fault epb invpcid_single pti tpr_shadow vnmi flexpriority ept vpid fsgsbase tsc_adjust bmi1 avx2 smep bmi2 erms invpcid xsaveopt dtherm ida arat pln pts
bugs		: cpu_meltdown spectre_v1 spectre_v2 spec_store_bypass
bogomips	: 5188.16
clflush size	: 64
cache_alignment	: 64
address sizes	: 39 bits physical, 48 bits virtual
power management:

processor	: 3
vendor_id	: GenuineIntel
cpu family	: 6
model		: 60
model name	: Intel(R) Core(TM) i5-4300M CPU @ 2.60GHz
stepping	: 3
microcode	: 0x1e
cpu MHz		: 2599.490
cache size	: 3072 KB
physical id	: 0
siblings	: 4
core id		: 1
cpu cores	: 2
apicid		: 3
initial apicid	: 3
fpu		: yes
fpu_exception	: yes
cpuid level	: 13
wp		: yes
flags		: fpu vme de pse tsc msr pae mce cx8 apic sep mtrr pge mca cmov pat pse36 clflush dts acpi mmx fxsr sse sse2 ss ht tm pbe syscall nx pdpe1gb rdtscp lm constant_tsc arch_perfmon pebs bts rep_good nopl xtopology nonstop_tsc cpuid aperfmperf pni pclmulqdq dtes64 monitor ds_cpl vmx smx est tm2 ssse3 sdbg fma cx16 xtpr pdcm pcid sse4_1 sse4_2 x2apic movbe popcnt aes xsave avx f16c rdrand lahf_lm abm cpuid_fault epb invpcid_single pti tpr_shadow vnmi flexpriority ept vpid fsgsbase tsc_adjust bmi1 avx2 smep bmi2 erms invpcid xsaveopt dtherm ida arat pln pts
bugs		: cpu_meltdown spectre_v1 spectre_v2 spec_store_bypass
bogomips	: 5188.16
clflush size	: 64
cache_alignment	: 64
address sizes	: 39 bits physical, 48 bits virtual
power management:



Memory: 4k page, physical 3757392k(1076164k free), swap 4194300k(3597696k free)

vm_info: Java HotSpot(TM) 64-Bit Server VM (25.201-b09) for linux-amd64 JRE (1.8.0_201-b09), built on Dec 15 2018 11:35:59 by "java_re" with gcc 7.3.0

time: Wed Aug 21 22:44:10 2019
timezone: SAST
elapsed time: 6654 seconds (0d 1h 50m 54s)

